<?xml version="1.0" encoding="UTF-8"?>
<testsuite xmlns:xsi="http://www.w3.org/2001/XMLSchema-instance" xsi:noNamespaceSchemaLocation="https://maven.apache.org/surefire/maven-surefire-plugin/xsd/surefire-test-report-3.0.xsd" version="3.0" name="com.bizlia.runner.TestRunner" time="89.686" tests="1" errors="1" skipped="0" failures="0">
  <properties>
    <property name="java.specification.version" value="22"/>
    <property name="sun.cpu.isalist" value="amd64"/>
    <property name="sun.jnu.encoding" value="Cp1252"/>
    <property name="java.class.path" value="E:\Bizlia\BizLia\target\test-classes;E:\Bizlia\BizLia\target\classes;C:\Users\Admin\.m2\repository\io\cucumber\cucumber-java\7.14.0\cucumber-java-7.14.0.jar;C:\Users\Admin\.m2\repository\io\cucumber\cucumber-core\7.14.0\cucumber-core-7.14.0.jar;C:\Users\Admin\.m2\repository\io\cucumber\cucumber-gherkin\7.14.0\cucumber-gherkin-7.14.0.jar;C:\Users\Admin\.m2\repository\io\cucumber\cucumber-gherkin-messages\7.14.0\cucumber-gherkin-messages-7.14.0.jar;C:\Users\Admin\.m2\repository\io\cucumber\gherkin\26.2.0\gherkin-26.2.0.jar;C:\Users\Admin\.m2\repository\io\cucumber\messages\22.0.0\messages-22.0.0.jar;C:\Users\Admin\.m2\repository\io\cucumber\tag-expressions\5.0.6\tag-expressions-5.0.6.jar;C:\Users\Admin\.m2\repository\io\cucumber\cucumber-expressions\16.1.2\cucumber-expressions-16.1.2.jar;C:\Users\Admin\.m2\repository\io\cucumber\datatable\7.14.0\datatable-7.14.0.jar;C:\Users\Admin\.m2\repository\io\cucumber\cucumber-plugin\7.14.0\cucumber-plugin-7.14.0.jar;C:\Users\Admin\.m2\repository\io\cucumber\docstring\7.14.0\docstring-7.14.0.jar;C:\Users\Admin\.m2\repository\io\cucumber\html-formatter\20.4.0\html-formatter-20.4.0.jar;C:\Users\Admin\.m2\repository\io\cucumber\junit-xml-formatter\0.2.0\junit-xml-formatter-0.2.0.jar;C:\Users\Admin\.m2\repository\io\cucumber\ci-environment\9.2.0\ci-environment-9.2.0.jar;C:\Users\Admin\.m2\repository\org\apiguardian\apiguardian-api\1.1.2\apiguardian-api-1.1.2.jar;C:\Users\Admin\.m2\repository\org\jacoco\jacoco-maven-plugin\0.8.12\jacoco-maven-plugin-0.8.12.jar;C:\Users\Admin\.m2\repository\org\codehaus\plexus\plexus-utils\3.0.24\plexus-utils-3.0.24.jar;C:\Users\Admin\.m2\repository\org\apache\maven\shared\file-management\3.1.0\file-management-3.1.0.jar;C:\Users\Admin\.m2\repository\org\slf4j\slf4j-api\1.7.36\slf4j-api-1.7.36.jar;C:\Users\Admin\.m2\repository\org\apache\maven\reporting\maven-reporting-api\3.0\maven-reporting-api-3.0.jar;C:\Users\Admin\.m2\repository\org\apache\maven\doxia\doxia-sink-api\1.0\doxia-sink-api-1.0.jar;C:\Users\Admin\.m2\repository\org\jacoco\org.jacoco.agent\0.8.12\org.jacoco.agent-0.8.12-runtime.jar;C:\Users\Admin\.m2\repository\org\jacoco\org.jacoco.core\0.8.12\org.jacoco.core-0.8.12.jar;C:\Users\Admin\.m2\repository\org\ow2\asm\asm\9.7\asm-9.7.jar;C:\Users\Admin\.m2\repository\org\ow2\asm\asm-commons\9.7\asm-commons-9.7.jar;C:\Users\Admin\.m2\repository\org\ow2\asm\asm-tree\9.7\asm-tree-9.7.jar;C:\Users\Admin\.m2\repository\org\jacoco\org.jacoco.report\0.8.12\org.jacoco.report-0.8.12.jar;C:\Users\Admin\.m2\repository\org\apache\logging\log4j\log4j-core\2.23.1\log4j-core-2.23.1.jar;C:\Users\Admin\.m2\repository\org\apache\logging\log4j\log4j-api\2.23.1\log4j-api-2.23.1.jar;C:\Users\Admin\.m2\repository\com\squareup\okhttp3\okhttp\4.10.0\okhttp-4.10.0.jar;C:\Users\Admin\.m2\repository\com\squareup\okio\okio-jvm\3.0.0\okio-jvm-3.0.0.jar;C:\Users\Admin\.m2\repository\org\jetbrains\kotlin\kotlin-stdlib-jdk8\1.5.31\kotlin-stdlib-jdk8-1.5.31.jar;C:\Users\Admin\.m2\repository\org\jetbrains\kotlin\kotlin-stdlib-jdk7\1.5.31\kotlin-stdlib-jdk7-1.5.31.jar;C:\Users\Admin\.m2\repository\org\jetbrains\kotlin\kotlin-stdlib-common\1.5.31\kotlin-stdlib-common-1.5.31.jar;C:\Users\Admin\.m2\repository\org\jetbrains\kotlin\kotlin-stdlib\1.6.20\kotlin-stdlib-1.6.20.jar;C:\Users\Admin\.m2\repository\org\jetbrains\annotations\13.0\annotations-13.0.jar;C:\Users\Admin\.m2\repository\com\google\code\gson\gson\2.9.0\gson-2.9.0.jar;C:\Users\Admin\.m2\repository\org\junit\jupiter\junit-jupiter-api\5.10.2\junit-jupiter-api-5.10.2.jar;C:\Users\Admin\.m2\repository\org\opentest4j\opentest4j\1.3.0\opentest4j-1.3.0.jar;C:\Users\Admin\.m2\repository\org\junit\platform\junit-platform-commons\1.10.2\junit-platform-commons-1.10.2.jar;C:\Users\Admin\.m2\repository\com\mysql\mysql-connector-j\8.3.0\mysql-connector-j-8.3.0.jar;C:\Users\Admin\.m2\repository\com\google\protobuf\protobuf-java\3.25.1\protobuf-java-3.25.1.jar;C:\Users\Admin\.m2\repository\io\cucumber\cucumber-junit\7.14.0\cucumber-junit-7.14.0.jar;C:\Users\Admin\.m2\repository\junit\junit\4.13.2\junit-4.13.2.jar;C:\Users\Admin\.m2\repository\org\hamcrest\hamcrest-core\1.3\hamcrest-core-1.3.jar;C:\Users\Admin\.m2\repository\org\seleniumhq\selenium\selenium-java\4.18.1\selenium-java-4.18.1.jar;C:\Users\Admin\.m2\repository\org\seleniumhq\selenium\selenium-api\4.18.1\selenium-api-4.18.1.jar;C:\Users\Admin\.m2\repository\org\seleniumhq\selenium\selenium-chrome-driver\4.18.1\selenium-chrome-driver-4.18.1.jar;C:\Users\Admin\.m2\repository\com\google\auto\service\auto-service-annotations\1.1.1\auto-service-annotations-1.1.1.jar;C:\Users\Admin\.m2\repository\org\seleniumhq\selenium\selenium-chromium-driver\4.18.1\selenium-chromium-driver-4.18.1.jar;C:\Users\Admin\.m2\repository\org\seleniumhq\selenium\selenium-json\4.18.1\selenium-json-4.18.1.jar;C:\Users\Admin\.m2\repository\org\seleniumhq\selenium\selenium-manager\4.18.1\selenium-manager-4.18.1.jar;C:\Users\Admin\.m2\repository\org\seleniumhq\selenium\selenium-devtools-v120\4.18.1\selenium-devtools-v120-4.18.1.jar;C:\Users\Admin\.m2\repository\org\seleniumhq\selenium\selenium-devtools-v121\4.18.1\selenium-devtools-v121-4.18.1.jar;C:\Users\Admin\.m2\repository\org\seleniumhq\selenium\selenium-devtools-v122\4.18.1\selenium-devtools-v122-4.18.1.jar;C:\Users\Admin\.m2\repository\org\seleniumhq\selenium\selenium-devtools-v85\4.18.1\selenium-devtools-v85-4.18.1.jar;C:\Users\Admin\.m2\repository\org\seleniumhq\selenium\selenium-edge-driver\4.18.1\selenium-edge-driver-4.18.1.jar;C:\Users\Admin\.m2\repository\org\seleniumhq\selenium\selenium-firefox-driver\4.18.1\selenium-firefox-driver-4.18.1.jar;C:\Users\Admin\.m2\repository\org\seleniumhq\selenium\selenium-http\4.18.1\selenium-http-4.18.1.jar;C:\Users\Admin\.m2\repository\dev\failsafe\failsafe\3.3.2\failsafe-3.3.2.jar;C:\Users\Admin\.m2\repository\org\seleniumhq\selenium\selenium-ie-driver\4.18.1\selenium-ie-driver-4.18.1.jar;C:\Users\Admin\.m2\repository\org\seleniumhq\selenium\selenium-remote-driver\4.18.1\selenium-remote-driver-4.18.1.jar;C:\Users\Admin\.m2\repository\com\google\guava\guava\33.0.0-jre\guava-33.0.0-jre.jar;C:\Users\Admin\.m2\repository\com\google\guava\failureaccess\1.0.2\failureaccess-1.0.2.jar;C:\Users\Admin\.m2\repository\com\google\guava\listenablefuture\9999.0-empty-to-avoid-conflict-with-guava\listenablefuture-9999.0-empty-to-avoid-conflict-with-guava.jar;C:\Users\Admin\.m2\repository\com\google\code\findbugs\jsr305\3.0.2\jsr305-3.0.2.jar;C:\Users\Admin\.m2\repository\org\checkerframework\checker-qual\3.41.0\checker-qual-3.41.0.jar;C:\Users\Admin\.m2\repository\com\google\errorprone\error_prone_annotations\2.23.0\error_prone_annotations-2.23.0.jar;C:\Users\Admin\.m2\repository\com\google\j2objc\j2objc-annotations\2.8\j2objc-annotations-2.8.jar;C:\Users\Admin\.m2\repository\io\opentelemetry\semconv\opentelemetry-semconv\1.23.1-alpha\opentelemetry-semconv-1.23.1-alpha.jar;C:\Users\Admin\.m2\repository\io\opentelemetry\opentelemetry-api\1.35.0\opentelemetry-api-1.35.0.jar;C:\Users\Admin\.m2\repository\io\opentelemetry\opentelemetry-context\1.35.0\opentelemetry-context-1.35.0.jar;C:\Users\Admin\.m2\repository\io\opentelemetry\opentelemetry-exporter-logging\1.35.0\opentelemetry-exporter-logging-1.35.0.jar;C:\Users\Admin\.m2\repository\io\opentelemetry\opentelemetry-sdk-common\1.35.0\opentelemetry-sdk-common-1.35.0.jar;C:\Users\Admin\.m2\repository\io\opentelemetry\opentelemetry-sdk-extension-autoconfigure-spi\1.35.0\opentelemetry-sdk-extension-autoconfigure-spi-1.35.0.jar;C:\Users\Admin\.m2\repository\io\opentelemetry\opentelemetry-sdk-extension-autoconfigure\1.35.0\opentelemetry-sdk-extension-autoconfigure-1.35.0.jar;C:\Users\Admin\.m2\repository\io\opentelemetry\opentelemetry-api-events\1.35.0-alpha\opentelemetry-api-events-1.35.0-alpha.jar;C:\Users\Admin\.m2\repository\io\opentelemetry\opentelemetry-sdk-trace\1.35.0\opentelemetry-sdk-trace-1.35.0.jar;C:\Users\Admin\.m2\repository\io\opentelemetry\opentelemetry-extension-incubator\1.35.0-alpha\opentelemetry-extension-incubator-1.35.0-alpha.jar;C:\Users\Admin\.m2\repository\io\opentelemetry\opentelemetry-sdk\1.35.0\opentelemetry-sdk-1.35.0.jar;C:\Users\Admin\.m2\repository\io\opentelemetry\opentelemetry-sdk-metrics\1.35.0\opentelemetry-sdk-metrics-1.35.0.jar;C:\Users\Admin\.m2\repository\io\opentelemetry\opentelemetry-sdk-logs\1.35.0\opentelemetry-sdk-logs-1.35.0.jar;C:\Users\Admin\.m2\repository\net\bytebuddy\byte-buddy\1.14.12\byte-buddy-1.14.12.jar;C:\Users\Admin\.m2\repository\org\seleniumhq\selenium\selenium-os\4.18.1\selenium-os-4.18.1.jar;C:\Users\Admin\.m2\repository\org\apache\commons\commons-exec\1.3\commons-exec-1.3.jar;C:\Users\Admin\.m2\repository\org\seleniumhq\selenium\selenium-safari-driver\4.18.1\selenium-safari-driver-4.18.1.jar;C:\Users\Admin\.m2\repository\org\seleniumhq\selenium\selenium-support\4.18.1\selenium-support-4.18.1.jar;C:\Users\Admin\.m2\repository\com\codoid\products\fillo\1.18\fillo-1.18.jar;C:\Users\Admin\.m2\repository\com\aventstack\extentreports\4.0.6\extentreports-4.0.6.jar;C:\Users\Admin\.m2\repository\org\freemarker\freemarker\2.3.23\freemarker-2.3.23.jar;C:\Users\Admin\.m2\repository\org\mongodb\mongodb-driver\3.3.0\mongodb-driver-3.3.0.jar;C:\Users\Admin\.m2\repository\org\mongodb\mongodb-driver-core\3.3.0\mongodb-driver-core-3.3.0.jar;C:\Users\Admin\.m2\repository\org\mongodb\bson\3.3.0\bson-3.3.0.jar;C:\Users\Admin\.m2\repository\org\apache\httpcomponents\httpclient\4.5.2\httpclient-4.5.2.jar;C:\Users\Admin\.m2\repository\org\apache\httpcomponents\httpcore\4.4.4\httpcore-4.4.4.jar;C:\Users\Admin\.m2\repository\commons-logging\commons-logging\1.2\commons-logging-1.2.jar;C:\Users\Admin\.m2\repository\commons-codec\commons-codec\1.9\commons-codec-1.9.jar;C:\Users\Admin\.m2\repository\org\apache\httpcomponents\httpmime\4.5.2\httpmime-4.5.2.jar;C:\Users\Admin\.m2\repository\commons-io\commons-io\2.13.0\commons-io-2.13.0.jar;C:\Users\Admin\.m2\repository\org\apache\commons\commons-email\1.6.0\commons-email-1.6.0.jar;C:\Users\Admin\.m2\repository\com\sun\mail\jakarta.mail\1.6.7\jakarta.mail-1.6.7.jar;C:\Users\Admin\.m2\repository\com\sun\activation\jakarta.activation\1.2.1\jakarta.activation-1.2.1.jar;"/>
    <property name="java.vm.vendor" value="Oracle Corporation"/>
    <property name="sun.arch.data.model" value="64"/>
    <property name="user.variant" value=""/>
    <property name="java.vendor.url" value="https://java.oracle.com/"/>
    <property name="user.timezone" value="Asia/Calcutta"/>
    <property name="os.name" value="Windows 11"/>
    <property name="java.vm.specification.version" value="22"/>
    <property name="sun.java.launcher" value="SUN_STANDARD"/>
    <property name="user.country" value="IN"/>
    <property name="sun.boot.library.path" value="C:\Program Files\Java\jdk-22\bin"/>
    <property name="sun.java.command" value="C:\Users\Admin\AppData\Local\Temp\surefire11612576119186335148\surefirebooter-20240423230346514_3.jar C:\Users\Admin\AppData\Local\Temp\surefire11612576119186335148 2024-04-23T23-03-46_224-jvmRun1 surefire-20240423230346514_1tmp surefire_0-20240423230346514_2tmp"/>
    <property name="jdk.debug" value="release"/>
    <property name="surefire.test.class.path" value="E:\Bizlia\BizLia\target\test-classes;E:\Bizlia\BizLia\target\classes;C:\Users\Admin\.m2\repository\io\cucumber\cucumber-java\7.14.0\cucumber-java-7.14.0.jar;C:\Users\Admin\.m2\repository\io\cucumber\cucumber-core\7.14.0\cucumber-core-7.14.0.jar;C:\Users\Admin\.m2\repository\io\cucumber\cucumber-gherkin\7.14.0\cucumber-gherkin-7.14.0.jar;C:\Users\Admin\.m2\repository\io\cucumber\cucumber-gherkin-messages\7.14.0\cucumber-gherkin-messages-7.14.0.jar;C:\Users\Admin\.m2\repository\io\cucumber\gherkin\26.2.0\gherkin-26.2.0.jar;C:\Users\Admin\.m2\repository\io\cucumber\messages\22.0.0\messages-22.0.0.jar;C:\Users\Admin\.m2\repository\io\cucumber\tag-expressions\5.0.6\tag-expressions-5.0.6.jar;C:\Users\Admin\.m2\repository\io\cucumber\cucumber-expressions\16.1.2\cucumber-expressions-16.1.2.jar;C:\Users\Admin\.m2\repository\io\cucumber\datatable\7.14.0\datatable-7.14.0.jar;C:\Users\Admin\.m2\repository\io\cucumber\cucumber-plugin\7.14.0\cucumber-plugin-7.14.0.jar;C:\Users\Admin\.m2\repository\io\cucumber\docstring\7.14.0\docstring-7.14.0.jar;C:\Users\Admin\.m2\repository\io\cucumber\html-formatter\20.4.0\html-formatter-20.4.0.jar;C:\Users\Admin\.m2\repository\io\cucumber\junit-xml-formatter\0.2.0\junit-xml-formatter-0.2.0.jar;C:\Users\Admin\.m2\repository\io\cucumber\ci-environment\9.2.0\ci-environment-9.2.0.jar;C:\Users\Admin\.m2\repository\org\apiguardian\apiguardian-api\1.1.2\apiguardian-api-1.1.2.jar;C:\Users\Admin\.m2\repository\org\jacoco\jacoco-maven-plugin\0.8.12\jacoco-maven-plugin-0.8.12.jar;C:\Users\Admin\.m2\repository\org\codehaus\plexus\plexus-utils\3.0.24\plexus-utils-3.0.24.jar;C:\Users\Admin\.m2\repository\org\apache\maven\shared\file-management\3.1.0\file-management-3.1.0.jar;C:\Users\Admin\.m2\repository\org\slf4j\slf4j-api\1.7.36\slf4j-api-1.7.36.jar;C:\Users\Admin\.m2\repository\org\apache\maven\reporting\maven-reporting-api\3.0\maven-reporting-api-3.0.jar;C:\Users\Admin\.m2\repository\org\apache\maven\doxia\doxia-sink-api\1.0\doxia-sink-api-1.0.jar;C:\Users\Admin\.m2\repository\org\jacoco\org.jacoco.agent\0.8.12\org.jacoco.agent-0.8.12-runtime.jar;C:\Users\Admin\.m2\repository\org\jacoco\org.jacoco.core\0.8.12\org.jacoco.core-0.8.12.jar;C:\Users\Admin\.m2\repository\org\ow2\asm\asm\9.7\asm-9.7.jar;C:\Users\Admin\.m2\repository\org\ow2\asm\asm-commons\9.7\asm-commons-9.7.jar;C:\Users\Admin\.m2\repository\org\ow2\asm\asm-tree\9.7\asm-tree-9.7.jar;C:\Users\Admin\.m2\repository\org\jacoco\org.jacoco.report\0.8.12\org.jacoco.report-0.8.12.jar;C:\Users\Admin\.m2\repository\org\apache\logging\log4j\log4j-core\2.23.1\log4j-core-2.23.1.jar;C:\Users\Admin\.m2\repository\org\apache\logging\log4j\log4j-api\2.23.1\log4j-api-2.23.1.jar;C:\Users\Admin\.m2\repository\com\squareup\okhttp3\okhttp\4.10.0\okhttp-4.10.0.jar;C:\Users\Admin\.m2\repository\com\squareup\okio\okio-jvm\3.0.0\okio-jvm-3.0.0.jar;C:\Users\Admin\.m2\repository\org\jetbrains\kotlin\kotlin-stdlib-jdk8\1.5.31\kotlin-stdlib-jdk8-1.5.31.jar;C:\Users\Admin\.m2\repository\org\jetbrains\kotlin\kotlin-stdlib-jdk7\1.5.31\kotlin-stdlib-jdk7-1.5.31.jar;C:\Users\Admin\.m2\repository\org\jetbrains\kotlin\kotlin-stdlib-common\1.5.31\kotlin-stdlib-common-1.5.31.jar;C:\Users\Admin\.m2\repository\org\jetbrains\kotlin\kotlin-stdlib\1.6.20\kotlin-stdlib-1.6.20.jar;C:\Users\Admin\.m2\repository\org\jetbrains\annotations\13.0\annotations-13.0.jar;C:\Users\Admin\.m2\repository\com\google\code\gson\gson\2.9.0\gson-2.9.0.jar;C:\Users\Admin\.m2\repository\org\junit\jupiter\junit-jupiter-api\5.10.2\junit-jupiter-api-5.10.2.jar;C:\Users\Admin\.m2\repository\org\opentest4j\opentest4j\1.3.0\opentest4j-1.3.0.jar;C:\Users\Admin\.m2\repository\org\junit\platform\junit-platform-commons\1.10.2\junit-platform-commons-1.10.2.jar;C:\Users\Admin\.m2\repository\com\mysql\mysql-connector-j\8.3.0\mysql-connector-j-8.3.0.jar;C:\Users\Admin\.m2\repository\com\google\protobuf\protobuf-java\3.25.1\protobuf-java-3.25.1.jar;C:\Users\Admin\.m2\repository\io\cucumber\cucumber-junit\7.14.0\cucumber-junit-7.14.0.jar;C:\Users\Admin\.m2\repository\junit\junit\4.13.2\junit-4.13.2.jar;C:\Users\Admin\.m2\repository\org\hamcrest\hamcrest-core\1.3\hamcrest-core-1.3.jar;C:\Users\Admin\.m2\repository\org\seleniumhq\selenium\selenium-java\4.18.1\selenium-java-4.18.1.jar;C:\Users\Admin\.m2\repository\org\seleniumhq\selenium\selenium-api\4.18.1\selenium-api-4.18.1.jar;C:\Users\Admin\.m2\repository\org\seleniumhq\selenium\selenium-chrome-driver\4.18.1\selenium-chrome-driver-4.18.1.jar;C:\Users\Admin\.m2\repository\com\google\auto\service\auto-service-annotations\1.1.1\auto-service-annotations-1.1.1.jar;C:\Users\Admin\.m2\repository\org\seleniumhq\selenium\selenium-chromium-driver\4.18.1\selenium-chromium-driver-4.18.1.jar;C:\Users\Admin\.m2\repository\org\seleniumhq\selenium\selenium-json\4.18.1\selenium-json-4.18.1.jar;C:\Users\Admin\.m2\repository\org\seleniumhq\selenium\selenium-manager\4.18.1\selenium-manager-4.18.1.jar;C:\Users\Admin\.m2\repository\org\seleniumhq\selenium\selenium-devtools-v120\4.18.1\selenium-devtools-v120-4.18.1.jar;C:\Users\Admin\.m2\repository\org\seleniumhq\selenium\selenium-devtools-v121\4.18.1\selenium-devtools-v121-4.18.1.jar;C:\Users\Admin\.m2\repository\org\seleniumhq\selenium\selenium-devtools-v122\4.18.1\selenium-devtools-v122-4.18.1.jar;C:\Users\Admin\.m2\repository\org\seleniumhq\selenium\selenium-devtools-v85\4.18.1\selenium-devtools-v85-4.18.1.jar;C:\Users\Admin\.m2\repository\org\seleniumhq\selenium\selenium-edge-driver\4.18.1\selenium-edge-driver-4.18.1.jar;C:\Users\Admin\.m2\repository\org\seleniumhq\selenium\selenium-firefox-driver\4.18.1\selenium-firefox-driver-4.18.1.jar;C:\Users\Admin\.m2\repository\org\seleniumhq\selenium\selenium-http\4.18.1\selenium-http-4.18.1.jar;C:\Users\Admin\.m2\repository\dev\failsafe\failsafe\3.3.2\failsafe-3.3.2.jar;C:\Users\Admin\.m2\repository\org\seleniumhq\selenium\selenium-ie-driver\4.18.1\selenium-ie-driver-4.18.1.jar;C:\Users\Admin\.m2\repository\org\seleniumhq\selenium\selenium-remote-driver\4.18.1\selenium-remote-driver-4.18.1.jar;C:\Users\Admin\.m2\repository\com\google\guava\guava\33.0.0-jre\guava-33.0.0-jre.jar;C:\Users\Admin\.m2\repository\com\google\guava\failureaccess\1.0.2\failureaccess-1.0.2.jar;C:\Users\Admin\.m2\repository\com\google\guava\listenablefuture\9999.0-empty-to-avoid-conflict-with-guava\listenablefuture-9999.0-empty-to-avoid-conflict-with-guava.jar;C:\Users\Admin\.m2\repository\com\google\code\findbugs\jsr305\3.0.2\jsr305-3.0.2.jar;C:\Users\Admin\.m2\repository\org\checkerframework\checker-qual\3.41.0\checker-qual-3.41.0.jar;C:\Users\Admin\.m2\repository\com\google\errorprone\error_prone_annotations\2.23.0\error_prone_annotations-2.23.0.jar;C:\Users\Admin\.m2\repository\com\google\j2objc\j2objc-annotations\2.8\j2objc-annotations-2.8.jar;C:\Users\Admin\.m2\repository\io\opentelemetry\semconv\opentelemetry-semconv\1.23.1-alpha\opentelemetry-semconv-1.23.1-alpha.jar;C:\Users\Admin\.m2\repository\io\opentelemetry\opentelemetry-api\1.35.0\opentelemetry-api-1.35.0.jar;C:\Users\Admin\.m2\repository\io\opentelemetry\opentelemetry-context\1.35.0\opentelemetry-context-1.35.0.jar;C:\Users\Admin\.m2\repository\io\opentelemetry\opentelemetry-exporter-logging\1.35.0\opentelemetry-exporter-logging-1.35.0.jar;C:\Users\Admin\.m2\repository\io\opentelemetry\opentelemetry-sdk-common\1.35.0\opentelemetry-sdk-common-1.35.0.jar;C:\Users\Admin\.m2\repository\io\opentelemetry\opentelemetry-sdk-extension-autoconfigure-spi\1.35.0\opentelemetry-sdk-extension-autoconfigure-spi-1.35.0.jar;C:\Users\Admin\.m2\repository\io\opentelemetry\opentelemetry-sdk-extension-autoconfigure\1.35.0\opentelemetry-sdk-extension-autoconfigure-1.35.0.jar;C:\Users\Admin\.m2\repository\io\opentelemetry\opentelemetry-api-events\1.35.0-alpha\opentelemetry-api-events-1.35.0-alpha.jar;C:\Users\Admin\.m2\repository\io\opentelemetry\opentelemetry-sdk-trace\1.35.0\opentelemetry-sdk-trace-1.35.0.jar;C:\Users\Admin\.m2\repository\io\opentelemetry\opentelemetry-extension-incubator\1.35.0-alpha\opentelemetry-extension-incubator-1.35.0-alpha.jar;C:\Users\Admin\.m2\repository\io\opentelemetry\opentelemetry-sdk\1.35.0\opentelemetry-sdk-1.35.0.jar;C:\Users\Admin\.m2\repository\io\opentelemetry\opentelemetry-sdk-metrics\1.35.0\opentelemetry-sdk-metrics-1.35.0.jar;C:\Users\Admin\.m2\repository\io\opentelemetry\opentelemetry-sdk-logs\1.35.0\opentelemetry-sdk-logs-1.35.0.jar;C:\Users\Admin\.m2\repository\net\bytebuddy\byte-buddy\1.14.12\byte-buddy-1.14.12.jar;C:\Users\Admin\.m2\repository\org\seleniumhq\selenium\selenium-os\4.18.1\selenium-os-4.18.1.jar;C:\Users\Admin\.m2\repository\org\apache\commons\commons-exec\1.3\commons-exec-1.3.jar;C:\Users\Admin\.m2\repository\org\seleniumhq\selenium\selenium-safari-driver\4.18.1\selenium-safari-driver-4.18.1.jar;C:\Users\Admin\.m2\repository\org\seleniumhq\selenium\selenium-support\4.18.1\selenium-support-4.18.1.jar;C:\Users\Admin\.m2\repository\com\codoid\products\fillo\1.18\fillo-1.18.jar;C:\Users\Admin\.m2\repository\com\aventstack\extentreports\4.0.6\extentreports-4.0.6.jar;C:\Users\Admin\.m2\repository\org\freemarker\freemarker\2.3.23\freemarker-2.3.23.jar;C:\Users\Admin\.m2\repository\org\mongodb\mongodb-driver\3.3.0\mongodb-driver-3.3.0.jar;C:\Users\Admin\.m2\repository\org\mongodb\mongodb-driver-core\3.3.0\mongodb-driver-core-3.3.0.jar;C:\Users\Admin\.m2\repository\org\mongodb\bson\3.3.0\bson-3.3.0.jar;C:\Users\Admin\.m2\repository\org\apache\httpcomponents\httpclient\4.5.2\httpclient-4.5.2.jar;C:\Users\Admin\.m2\repository\org\apache\httpcomponents\httpcore\4.4.4\httpcore-4.4.4.jar;C:\Users\Admin\.m2\repository\commons-logging\commons-logging\1.2\commons-logging-1.2.jar;C:\Users\Admin\.m2\repository\commons-codec\commons-codec\1.9\commons-codec-1.9.jar;C:\Users\Admin\.m2\repository\org\apache\httpcomponents\httpmime\4.5.2\httpmime-4.5.2.jar;C:\Users\Admin\.m2\repository\commons-io\commons-io\2.13.0\commons-io-2.13.0.jar;C:\Users\Admin\.m2\repository\org\apache\commons\commons-email\1.6.0\commons-email-1.6.0.jar;C:\Users\Admin\.m2\repository\com\sun\mail\jakarta.mail\1.6.7\jakarta.mail-1.6.7.jar;C:\Users\Admin\.m2\repository\com\sun\activation\jakarta.activation\1.2.1\jakarta.activation-1.2.1.jar;"/>
    <property name="sun.cpu.endian" value="little"/>
    <property name="user.home" value="C:\Users\Admin"/>
    <property name="user.language" value="en"/>
    <property name="java.specification.vendor" value="Oracle Corporation"/>
    <property name="java.version.date" value="2024-04-16"/>
    <property name="java.home" value="C:\Program Files\Java\jdk-22"/>
    <property name="file.separator" value="\"/>
    <property name="basedir" value="E:\Bizlia\BizLia"/>
    <property name="style.color" value="always"/>
    <property name="java.vm.compressedOopsMode" value="Zero based"/>
    <property name="line.separator" value="&#10;"/>
    <property name="java.vm.specification.vendor" value="Oracle Corporation"/>
    <property name="java.specification.name" value="Java Platform API Specification"/>
    <property name="surefire.real.class.path" value="C:\Users\Admin\AppData\Local\Temp\surefire11612576119186335148\surefirebooter-20240423230346514_3.jar"/>
    <property name="user.script" value=""/>
    <property name="sun.management.compiler" value="HotSpot 64-Bit Tiered Compilers"/>
    <property name="java.runtime.version" value="22.0.1+8-16"/>
    <property name="user.name" value="Admin"/>
    <property name="stdout.encoding" value="Cp1252"/>
    <property name="path.separator" value=";"/>
    <property name="os.version" value="10.0"/>
    <property name="java.runtime.name" value="Java(TM) SE Runtime Environment"/>
    <property name="file.encoding" value="UTF-8"/>
    <property name="java.vm.name" value="Java HotSpot(TM) 64-Bit Server VM"/>
    <property name="localRepository" value="C:\Users\Admin\.m2\repository"/>
    <property name="java.vendor.url.bug" value="https://bugreport.java.com/bugreport/"/>
    <property name="java.io.tmpdir" value="C:\Users\Admin\AppData\Local\Temp\"/>
    <property name="webdriver.chrome.drive" value="E:\Devendra\cdm\CDMCucumber\CDMProject\chromedriver\chromedriver.exe"/>
    <property name="java.version" value="22.0.1"/>
    <property name="user.dir" value="E:\Bizlia\BizLia"/>
    <property name="os.arch" value="amd64"/>
    <property name="java.vm.specification.name" value="Java Virtual Machine Specification"/>
    <property name="sun.os.patch.level" value=""/>
    <property name="native.encoding" value="Cp1252"/>
    <property name="java.library.path" value="C:\Program Files\Java\jdk-22\bin;C:\WINDOWS\Sun\Java\bin;C:\WINDOWS\system32;C:\WINDOWS;C:\Program Files\Common Files\Oracle\Java\javapath;C:\WINDOWS\system32;C:\WINDOWS;C:\WINDOWS\System32\Wbem;C:\WINDOWS\System32\WindowsPowerShell\v1.0\;C:\WINDOWS\System32\OpenSSH\;C:\Program Files\Java\jdk-22\bin;C:\Users\Admin\AppData\Local\Microsoft\WindowsApps;;."/>
    <property name="java.vm.info" value="mixed mode, sharing"/>
    <property name="stderr.encoding" value="Cp1252"/>
    <property name="java.vendor" value="Oracle Corporation"/>
    <property name="java.vm.version" value="22.0.1+8-16"/>
    <property name="sun.io.unicode.encoding" value="UnicodeLittle"/>
    <property name="java.class.version" value="66.0"/>
  </properties>
  <testcase name="TC01_Verification of Browser Compatibility of Home Page of the application" classname="SIGNUP" time="89.158">
    <error message="Failed to connect to thedataextractors.com/[2606:4700:3035:0:0:0:ac43:b799]:443" type="java.net.ConnectException"><![CDATA[java.net.ConnectException: Failed to connect to thedataextractors.com/[2606:4700:3035:0:0:0:ac43:b799]:443
	at okhttp3.internal.connection.RealConnection.connectSocket(RealConnection.kt:297)
	at okhttp3.internal.connection.RealConnection.connect(RealConnection.kt:207)
	at okhttp3.internal.connection.ExchangeFinder.findConnection(ExchangeFinder.kt:226)
	at okhttp3.internal.connection.ExchangeFinder.findHealthyConnection(ExchangeFinder.kt:106)
	at okhttp3.internal.connection.ExchangeFinder.find(ExchangeFinder.kt:74)
	at okhttp3.internal.connection.RealCall.initExchange$okhttp(RealCall.kt:255)
	at okhttp3.internal.connection.ConnectInterceptor.intercept(ConnectInterceptor.kt:32)
	at okhttp3.internal.http.RealInterceptorChain.proceed(RealInterceptorChain.kt:109)
	at okhttp3.internal.cache.CacheInterceptor.intercept(CacheInterceptor.kt:95)
	at okhttp3.internal.http.RealInterceptorChain.proceed(RealInterceptorChain.kt:109)
	at okhttp3.internal.http.BridgeInterceptor.intercept(BridgeInterceptor.kt:83)
	at okhttp3.internal.http.RealInterceptorChain.proceed(RealInterceptorChain.kt:109)
	at okhttp3.internal.http.RetryAndFollowUpInterceptor.intercept(RetryAndFollowUpInterceptor.kt:76)
	at okhttp3.internal.http.RealInterceptorChain.proceed(RealInterceptorChain.kt:109)
	at okhttp3.internal.connection.RealCall.getResponseWithInterceptorChain$okhttp(RealCall.kt:201)
	at okhttp3.internal.connection.RealCall.execute(RealCall.kt:154)
	at com.bizilia.captcha.CaptchaSolver.solve(CaptchaSolver.java:30)
	at com.bizlia.pages.SignUpPage.captchaselection(SignUpPage.java:105)
	at com.bizlia.Stepdefinations.SignUpSteps.validate_the_captcha(SignUpSteps.java:40)
	at ✽.Validate the captcha(file:///E:/Bizlia/BizLia/src/test/resources/Features/signup.feature:11)
	Suppressed: java.net.SocketException: Connection reset
		at java.base/sun.nio.ch.NioSocketImpl.implRead(NioSocketImpl.java:318)
		at java.base/sun.nio.ch.NioSocketImpl.read(NioSocketImpl.java:346)
		at java.base/sun.nio.ch.NioSocketImpl$1.read(NioSocketImpl.java:796)
		at java.base/java.net.Socket$SocketInputStream.implRead(Socket.java:1108)
		at java.base/java.net.Socket$SocketInputStream.read(Socket.java:1095)
		at java.base/sun.security.ssl.SSLSocketInputRecord.read(SSLSocketInputRecord.java:489)
		at java.base/sun.security.ssl.SSLSocketInputRecord.readHeader(SSLSocketInputRecord.java:483)
		at java.base/sun.security.ssl.SSLSocketInputRecord.decode(SSLSocketInputRecord.java:160)
		at java.base/sun.security.ssl.SSLTransport.decode(SSLTransport.java:111)
		at java.base/sun.security.ssl.SSLSocketImpl.decode(SSLSocketImpl.java:1507)
		at java.base/sun.security.ssl.SSLSocketImpl.readHandshakeRecord(SSLSocketImpl.java:1422)
		at java.base/sun.security.ssl.SSLSocketImpl.startHandshake(SSLSocketImpl.java:455)
		at java.base/sun.security.ssl.SSLSocketImpl.startHandshake(SSLSocketImpl.java:426)
		at okhttp3.internal.connection.RealConnection.connectTls(RealConnection.kt:379)
		at okhttp3.internal.connection.RealConnection.establishProtocol(RealConnection.kt:337)
		at okhttp3.internal.connection.RealConnection.connect(RealConnection.kt:209)
		at okhttp3.internal.connection.ExchangeFinder.findConnection(ExchangeFinder.kt:226)
		at okhttp3.internal.connection.ExchangeFinder.findHealthyConnection(ExchangeFinder.kt:106)
		at okhttp3.internal.connection.ExchangeFinder.find(ExchangeFinder.kt:74)
		at okhttp3.internal.connection.RealCall.initExchange$okhttp(RealCall.kt:255)
		at okhttp3.internal.connection.ConnectInterceptor.intercept(ConnectInterceptor.kt:32)
		at okhttp3.internal.http.RealInterceptorChain.proceed(RealInterceptorChain.kt:109)
		at okhttp3.internal.cache.CacheInterceptor.intercept(CacheInterceptor.kt:95)
		at okhttp3.internal.http.RealInterceptorChain.proceed(RealInterceptorChain.kt:109)
		at okhttp3.internal.http.BridgeInterceptor.intercept(BridgeInterceptor.kt:83)
		at okhttp3.internal.http.RealInterceptorChain.proceed(RealInterceptorChain.kt:109)
		at okhttp3.internal.http.RetryAndFollowUpInterceptor.intercept(RetryAndFollowUpInterceptor.kt:76)
		at okhttp3.internal.http.RealInterceptorChain.proceed(RealInterceptorChain.kt:109)
		at okhttp3.internal.connection.RealCall.getResponseWithInterceptorChain$okhttp(RealCall.kt:201)
		at okhttp3.internal.connection.RealCall.execute(RealCall.kt:154)
		at com.bizilia.captcha.CaptchaSolver.solve(CaptchaSolver.java:30)
		at com.bizlia.pages.SignUpPage.captchaselection(SignUpPage.java:105)
		at com.bizlia.Stepdefinations.SignUpSteps.validate_the_captcha(SignUpSteps.java:40)
		at java.base/java.lang.reflect.Method.invoke(Method.java:580)
		at io.cucumber.java.Invoker.doInvoke(Invoker.java:66)
		at io.cucumber.java.Invoker.invoke(Invoker.java:24)
		at io.cucumber.java.AbstractGlueDefinition.invokeMethod(AbstractGlueDefinition.java:47)
		at io.cucumber.java.JavaStepDefinition.execute(JavaStepDefinition.java:29)
		at io.cucumber.core.runner.CoreStepDefinition.execute(CoreStepDefinition.java:66)
		at io.cucumber.core.runner.PickleStepDefinitionMatch.runStep(PickleStepDefinitionMatch.java:63)
		at io.cucumber.core.runner.ExecutionMode$1.execute(ExecutionMode.java:10)
		at io.cucumber.core.runner.TestStep.executeStep(TestStep.java:84)
		at io.cucumber.core.runner.TestStep.run(TestStep.java:56)
		at io.cucumber.core.runner.PickleStepTestStep.run(PickleStepTestStep.java:51)
		at io.cucumber.core.runner.TestCase.run(TestCase.java:84)
		at io.cucumber.core.runner.Runner.runPickle(Runner.java:75)
		at io.cucumber.junit.PickleRunners$NoStepDescriptions.lambda$run$0(PickleRunners.java:151)
		at io.cucumber.core.runtime.CucumberExecutionContext.lambda$runTestCase$5(CucumberExecutionContext.java:137)
		at io.cucumber.core.runtime.RethrowingThrowableCollector.executeAndThrow(RethrowingThrowableCollector.java:23)
		at io.cucumber.core.runtime.CucumberExecutionContext.runTestCase(CucumberExecutionContext.java:137)
		at io.cucumber.junit.PickleRunners$NoStepDescriptions.run(PickleRunners.java:148)
		at io.cucumber.junit.FeatureRunner.runChild(FeatureRunner.java:144)
		at io.cucumber.junit.FeatureRunner.runChild(FeatureRunner.java:28)
		at io.cucumber.junit.FeatureRunner.run(FeatureRunner.java:137)
		at io.cucumber.junit.Cucumber.runChild(Cucumber.java:196)
		at io.cucumber.junit.Cucumber.runChild(Cucumber.java:89)
		at io.cucumber.core.runtime.CucumberExecutionContext.lambda$runFeatures$6(CucumberExecutionContext.java:148)
		at io.cucumber.core.runtime.CucumberExecutionContext.execute(CucumberExecutionContext.java:163)
		at io.cucumber.core.runtime.CucumberExecutionContext.runFeatures(CucumberExecutionContext.java:146)
		at io.cucumber.junit.Cucumber$StartAndFinishTestRun.evaluate(Cucumber.java:226)
	Suppressed: java.net.SocketException: Connection reset
		at java.base/sun.nio.ch.NioSocketImpl.implRead(NioSocketImpl.java:318)
		at java.base/sun.nio.ch.NioSocketImpl.read(NioSocketImpl.java:346)
		at java.base/sun.nio.ch.NioSocketImpl$1.read(NioSocketImpl.java:796)
		at java.base/java.net.Socket$SocketInputStream.implRead(Socket.java:1108)
		at java.base/java.net.Socket$SocketInputStream.read(Socket.java:1095)
		at java.base/sun.security.ssl.SSLSocketInputRecord.read(SSLSocketInputRecord.java:489)
		at java.base/sun.security.ssl.SSLSocketInputRecord.readHeader(SSLSocketInputRecord.java:483)
		at java.base/sun.security.ssl.SSLSocketInputRecord.decode(SSLSocketInputRecord.java:160)
		at java.base/sun.security.ssl.SSLTransport.decode(SSLTransport.java:111)
		at java.base/sun.security.ssl.SSLSocketImpl.decode(SSLSocketImpl.java:1507)
		at java.base/sun.security.ssl.SSLSocketImpl.readHandshakeRecord(SSLSocketImpl.java:1422)
		at java.base/sun.security.ssl.SSLSocketImpl.startHandshake(SSLSocketImpl.java:455)
		at java.base/sun.security.ssl.SSLSocketImpl.startHandshake(SSLSocketImpl.java:426)
		at okhttp3.internal.connection.RealConnection.connectTls(RealConnection.kt:379)
		at okhttp3.internal.connection.RealConnection.establishProtocol(RealConnection.kt:337)
		at okhttp3.internal.connection.RealConnection.connect(RealConnection.kt:209)
		at okhttp3.internal.connection.ExchangeFinder.findConnection(ExchangeFinder.kt:226)
		at okhttp3.internal.connection.ExchangeFinder.findHealthyConnection(ExchangeFinder.kt:106)
		at okhttp3.internal.connection.ExchangeFinder.find(ExchangeFinder.kt:74)
		at okhttp3.internal.connection.RealCall.initExchange$okhttp(RealCall.kt:255)
		at okhttp3.internal.connection.ConnectInterceptor.intercept(ConnectInterceptor.kt:32)
		at okhttp3.internal.http.RealInterceptorChain.proceed(RealInterceptorChain.kt:109)
		at okhttp3.internal.cache.CacheInterceptor.intercept(CacheInterceptor.kt:95)
		at okhttp3.internal.http.RealInterceptorChain.proceed(RealInterceptorChain.kt:109)
		at okhttp3.internal.http.BridgeInterceptor.intercept(BridgeInterceptor.kt:83)
		at okhttp3.internal.http.RealInterceptorChain.proceed(RealInterceptorChain.kt:109)
		at okhttp3.internal.http.RetryAndFollowUpInterceptor.intercept(RetryAndFollowUpInterceptor.kt:76)
		at okhttp3.internal.http.RealInterceptorChain.proceed(RealInterceptorChain.kt:109)
		at okhttp3.internal.connection.RealCall.getResponseWithInterceptorChain$okhttp(RealCall.kt:201)
		at okhttp3.internal.connection.RealCall.execute(RealCall.kt:154)
		at com.bizilia.captcha.CaptchaSolver.solve(CaptchaSolver.java:30)
		at com.bizlia.pages.SignUpPage.captchaselection(SignUpPage.java:105)
		at com.bizlia.Stepdefinations.SignUpSteps.validate_the_captcha(SignUpSteps.java:40)
		at java.base/java.lang.reflect.Method.invoke(Method.java:580)
		at io.cucumber.java.Invoker.doInvoke(Invoker.java:66)
		at io.cucumber.java.Invoker.invoke(Invoker.java:24)
		at io.cucumber.java.AbstractGlueDefinition.invokeMethod(AbstractGlueDefinition.java:47)
		at io.cucumber.java.JavaStepDefinition.execute(JavaStepDefinition.java:29)
		at io.cucumber.core.runner.CoreStepDefinition.execute(CoreStepDefinition.java:66)
		at io.cucumber.core.runner.PickleStepDefinitionMatch.runStep(PickleStepDefinitionMatch.java:63)
		at io.cucumber.core.runner.ExecutionMode$1.execute(ExecutionMode.java:10)
		at io.cucumber.core.runner.TestStep.executeStep(TestStep.java:84)
		at io.cucumber.core.runner.TestStep.run(TestStep.java:56)
		at io.cucumber.core.runner.PickleStepTestStep.run(PickleStepTestStep.java:51)
		at io.cucumber.core.runner.TestCase.run(TestCase.java:84)
		at io.cucumber.core.runner.Runner.runPickle(Runner.java:75)
		at io.cucumber.junit.PickleRunners$NoStepDescriptions.lambda$run$0(PickleRunners.java:151)
		at io.cucumber.core.runtime.CucumberExecutionContext.lambda$runTestCase$5(CucumberExecutionContext.java:137)
		at io.cucumber.core.runtime.RethrowingThrowableCollector.executeAndThrow(RethrowingThrowableCollector.java:23)
		at io.cucumber.core.runtime.CucumberExecutionContext.runTestCase(CucumberExecutionContext.java:137)
		at io.cucumber.junit.PickleRunners$NoStepDescriptions.run(PickleRunners.java:148)
		at io.cucumber.junit.FeatureRunner.runChild(FeatureRunner.java:144)
		at io.cucumber.junit.FeatureRunner.runChild(FeatureRunner.java:28)
		at io.cucumber.junit.FeatureRunner.run(FeatureRunner.java:137)
		at io.cucumber.junit.Cucumber.runChild(Cucumber.java:196)
		at io.cucumber.junit.Cucumber.runChild(Cucumber.java:89)
		at io.cucumber.core.runtime.CucumberExecutionContext.lambda$runFeatures$6(CucumberExecutionContext.java:148)
		at io.cucumber.core.runtime.CucumberExecutionContext.execute(CucumberExecutionContext.java:163)
		at io.cucumber.core.runtime.CucumberExecutionContext.runFeatures(CucumberExecutionContext.java:146)
		at io.cucumber.junit.Cucumber$StartAndFinishTestRun.evaluate(Cucumber.java:226)
	Suppressed: java.net.ConnectException: Failed to connect to thedataextractors.com/[2606:4700:3036:0:0:0:6815:53f3]:443
		at okhttp3.internal.connection.RealConnection.connectSocket(RealConnection.kt:297)
		at okhttp3.internal.connection.RealConnection.connect(RealConnection.kt:207)
		at okhttp3.internal.connection.ExchangeFinder.findConnection(ExchangeFinder.kt:226)
		at okhttp3.internal.connection.ExchangeFinder.findHealthyConnection(ExchangeFinder.kt:106)
		at okhttp3.internal.connection.ExchangeFinder.find(ExchangeFinder.kt:74)
		at okhttp3.internal.connection.RealCall.initExchange$okhttp(RealCall.kt:255)
		at okhttp3.internal.connection.ConnectInterceptor.intercept(ConnectInterceptor.kt:32)
		at okhttp3.internal.http.RealInterceptorChain.proceed(RealInterceptorChain.kt:109)
		at okhttp3.internal.cache.CacheInterceptor.intercept(CacheInterceptor.kt:95)
		at okhttp3.internal.http.RealInterceptorChain.proceed(RealInterceptorChain.kt:109)
		at okhttp3.internal.http.BridgeInterceptor.intercept(BridgeInterceptor.kt:83)
		at okhttp3.internal.http.RealInterceptorChain.proceed(RealInterceptorChain.kt:109)
		at okhttp3.internal.http.RetryAndFollowUpInterceptor.intercept(RetryAndFollowUpInterceptor.kt:76)
		at okhttp3.internal.http.RealInterceptorChain.proceed(RealInterceptorChain.kt:109)
		at okhttp3.internal.connection.RealCall.getResponseWithInterceptorChain$okhttp(RealCall.kt:201)
		at okhttp3.internal.connection.RealCall.execute(RealCall.kt:154)
		at com.bizilia.captcha.CaptchaSolver.solve(CaptchaSolver.java:30)
		at com.bizlia.pages.SignUpPage.captchaselection(SignUpPage.java:105)
		at com.bizlia.Stepdefinations.SignUpSteps.validate_the_captcha(SignUpSteps.java:40)
		at java.base/java.lang.reflect.Method.invoke(Method.java:580)
		at io.cucumber.java.Invoker.doInvoke(Invoker.java:66)
		at io.cucumber.java.Invoker.invoke(Invoker.java:24)
		at io.cucumber.java.AbstractGlueDefinition.invokeMethod(AbstractGlueDefinition.java:47)
		at io.cucumber.java.JavaStepDefinition.execute(JavaStepDefinition.java:29)
		at io.cucumber.core.runner.CoreStepDefinition.execute(CoreStepDefinition.java:66)
		at io.cucumber.core.runner.PickleStepDefinitionMatch.runStep(PickleStepDefinitionMatch.java:63)
		at io.cucumber.core.runner.ExecutionMode$1.execute(ExecutionMode.java:10)
		at io.cucumber.core.runner.TestStep.executeStep(TestStep.java:84)
		at io.cucumber.core.runner.TestStep.run(TestStep.java:56)
		at io.cucumber.core.runner.PickleStepTestStep.run(PickleStepTestStep.java:51)
		at io.cucumber.core.runner.TestCase.run(TestCase.java:84)
		at io.cucumber.core.runner.Runner.runPickle(Runner.java:75)
		at io.cucumber.junit.PickleRunners$NoStepDescriptions.lambda$run$0(PickleRunners.java:151)
		at io.cucumber.core.runtime.CucumberExecutionContext.lambda$runTestCase$5(CucumberExecutionContext.java:137)
		at io.cucumber.core.runtime.RethrowingThrowableCollector.executeAndThrow(RethrowingThrowableCollector.java:23)
		at io.cucumber.core.runtime.CucumberExecutionContext.runTestCase(CucumberExecutionContext.java:137)
		at io.cucumber.junit.PickleRunners$NoStepDescriptions.run(PickleRunners.java:148)
		at io.cucumber.junit.FeatureRunner.runChild(FeatureRunner.java:144)
		at io.cucumber.junit.FeatureRunner.runChild(FeatureRunner.java:28)
		at io.cucumber.junit.FeatureRunner.run(FeatureRunner.java:137)
		at io.cucumber.junit.Cucumber.runChild(Cucumber.java:196)
		at io.cucumber.junit.Cucumber.runChild(Cucumber.java:89)
		at io.cucumber.core.runtime.CucumberExecutionContext.lambda$runFeatures$6(CucumberExecutionContext.java:148)
		at io.cucumber.core.runtime.CucumberExecutionContext.execute(CucumberExecutionContext.java:163)
		at io.cucumber.core.runtime.CucumberExecutionContext.runFeatures(CucumberExecutionContext.java:146)
		at io.cucumber.junit.Cucumber$StartAndFinishTestRun.evaluate(Cucumber.java:226)
	Caused by: java.net.ConnectException: Connection timed out: getsockopt
		at java.base/sun.nio.ch.Net.pollConnect(Native Method)
		at java.base/sun.nio.ch.Net.pollConnectNow(Net.java:682)
		at java.base/sun.nio.ch.NioSocketImpl.timedFinishConnect(NioSocketImpl.java:549)
		at java.base/sun.nio.ch.NioSocketImpl.connect(NioSocketImpl.java:592)
		at java.base/java.net.SocksSocketImpl.connect(SocksSocketImpl.java:327)
		at java.base/java.net.Socket.connect(Socket.java:752)
		at okhttp3.internal.platform.Platform.connectSocket(Platform.kt:128)
		at okhttp3.internal.connection.RealConnection.connectSocket(RealConnection.kt:295)
		... 45 more
Caused by: java.net.ConnectException: Connection timed out: getsockopt
	at java.base/sun.nio.ch.Net.pollConnect(Native Method)
	at java.base/sun.nio.ch.Net.pollConnectNow(Net.java:682)
	at java.base/sun.nio.ch.NioSocketImpl.timedFinishConnect(NioSocketImpl.java:549)
	at java.base/sun.nio.ch.NioSocketImpl.connect(NioSocketImpl.java:592)
	at java.base/java.net.SocksSocketImpl.connect(SocksSocketImpl.java:327)
	at java.base/java.net.Socket.connect(Socket.java:752)
	at okhttp3.internal.platform.Platform.connectSocket(Platform.kt:128)
	at okhttp3.internal.connection.RealConnection.connectSocket(RealConnection.kt:295)
	at okhttp3.internal.connection.RealConnection.connect(RealConnection.kt:207)
	at okhttp3.internal.connection.ExchangeFinder.findConnection(ExchangeFinder.kt:226)
	at okhttp3.internal.connection.ExchangeFinder.findHealthyConnection(ExchangeFinder.kt:106)
	at okhttp3.internal.connection.ExchangeFinder.find(ExchangeFinder.kt:74)
	at okhttp3.internal.connection.RealCall.initExchange$okhttp(RealCall.kt:255)
	at okhttp3.internal.connection.ConnectInterceptor.intercept(ConnectInterceptor.kt:32)
	at okhttp3.internal.http.RealInterceptorChain.proceed(RealInterceptorChain.kt:109)
	at okhttp3.internal.cache.CacheInterceptor.intercept(CacheInterceptor.kt:95)
	at okhttp3.internal.http.RealInterceptorChain.proceed(RealInterceptorChain.kt:109)
	at okhttp3.internal.http.BridgeInterceptor.intercept(BridgeInterceptor.kt:83)
	at okhttp3.internal.http.RealInterceptorChain.proceed(RealInterceptorChain.kt:109)
	at okhttp3.internal.http.RetryAndFollowUpInterceptor.intercept(RetryAndFollowUpInterceptor.kt:76)
	at okhttp3.internal.http.RealInterceptorChain.proceed(RealInterceptorChain.kt:109)
	at okhttp3.internal.connection.RealCall.getResponseWithInterceptorChain$okhttp(RealCall.kt:201)
	at okhttp3.internal.connection.RealCall.execute(RealCall.kt:154)
	at com.bizilia.captcha.CaptchaSolver.solve(CaptchaSolver.java:30)
	at com.bizlia.pages.SignUpPage.captchaselection(SignUpPage.java:105)
	at com.bizlia.Stepdefinations.SignUpSteps.validate_the_captcha(SignUpSteps.java:40)
	at java.base/java.lang.reflect.Method.invoke(Method.java:580)
	at io.cucumber.java.Invoker.doInvoke(Invoker.java:66)
	at io.cucumber.java.Invoker.invoke(Invoker.java:24)
	at io.cucumber.java.AbstractGlueDefinition.invokeMethod(AbstractGlueDefinition.java:47)
	at io.cucumber.java.JavaStepDefinition.execute(JavaStepDefinition.java:29)
	at io.cucumber.core.runner.CoreStepDefinition.execute(CoreStepDefinition.java:66)
	at io.cucumber.core.runner.PickleStepDefinitionMatch.runStep(PickleStepDefinitionMatch.java:63)
	at io.cucumber.core.runner.ExecutionMode$1.execute(ExecutionMode.java:10)
	at io.cucumber.core.runner.TestStep.executeStep(TestStep.java:84)
	at io.cucumber.core.runner.TestStep.run(TestStep.java:56)
	at io.cucumber.core.runner.PickleStepTestStep.run(PickleStepTestStep.java:51)
	at io.cucumber.core.runner.TestCase.run(TestCase.java:84)
	at io.cucumber.core.runner.Runner.runPickle(Runner.java:75)
	at io.cucumber.junit.PickleRunners$NoStepDescriptions.lambda$run$0(PickleRunners.java:151)
	at io.cucumber.core.runtime.CucumberExecutionContext.lambda$runTestCase$5(CucumberExecutionContext.java:137)
	at io.cucumber.core.runtime.RethrowingThrowableCollector.executeAndThrow(RethrowingThrowableCollector.java:23)
	at io.cucumber.core.runtime.CucumberExecutionContext.runTestCase(CucumberExecutionContext.java:137)
	at io.cucumber.junit.PickleRunners$NoStepDescriptions.run(PickleRunners.java:148)
	at io.cucumber.junit.FeatureRunner.runChild(FeatureRunner.java:144)
	at io.cucumber.junit.FeatureRunner.runChild(FeatureRunner.java:28)
	at io.cucumber.junit.FeatureRunner.run(FeatureRunner.java:137)
	at io.cucumber.junit.Cucumber.runChild(Cucumber.java:196)
	at io.cucumber.junit.Cucumber.runChild(Cucumber.java:89)
	at io.cucumber.core.runtime.CucumberExecutionContext.lambda$runFeatures$6(CucumberExecutionContext.java:148)
	at io.cucumber.core.runtime.CucumberExecutionContext.execute(CucumberExecutionContext.java:163)
	at io.cucumber.core.runtime.CucumberExecutionContext.runFeatures(CucumberExecutionContext.java:146)
	at io.cucumber.junit.Cucumber$StartAndFinishTestRun.evaluate(Cucumber.java:226)
]]></error>
    <system-out><![CDATA[
@SheetSIGNUP @Test
Scenario: TC01_Verification of Browser Compatibility of Home Page of the application &amp#27;[90m# src/test/resources/Features/signup.feature:5&amp#27;[0m
I am tag Name@SheetSIGNUP
I am in SheetSIGNUP
I am tag Name@Test
{={TCName=, Userid=, FirstName=, PhoneNumberCountryCode=, PhoneField=, LastName=, login_email_verification_code=, Url=, EmailAddress=, TC Description=, Password=, ConfirmPassword=}, TC01_Verification of Browser Compatibility of Home Page of the application={TCName=TC01_Verification of Browser Compatibility of Home Page of the application, Userid=, FirstName=Keel , PhoneNumberCountryCode=+91, PhoneField=8765434567, LastName=Russel, login_email_verification_code=, Url=#/auth/login, EmailAddress=Testtt@gmail.com, TC Description=Verification of Browser Compatibility of Home page of the application, Password=Test@123, ConfirmPassword=Test@123}}
I am in launchAppE:\Devendra\cdm\CDMCucumber\CDMProject\chromedriver\chromedriver.exe
  &amp#27;[32mGiven &amp#27;[0m&amp#27;[32mUser launch application in chrome browser&amp#27;[0m                                    &amp#27;[90m# com.bizlia.Stepdefinations.Common.user_launch_application_in_chrome_browser()&amp#27;[0m
  &amp#27;[32mThen &amp#27;[0m&amp#27;[32mclick on signup button&amp#27;[0m                                                        &amp#27;[90m# com.bizlia.Stepdefinations.HomeSteps.click_on_signup_button()&amp#27;[0m
  &amp#27;[32mGiven &amp#27;[0m&amp#27;[32mI am on the signup page&amp#27;[0m                                                      &amp#27;[90m# com.bizlia.Stepdefinations.SignUpSteps.i_am_on_the_signup_page()&amp#27;[0m
  &amp#27;[32mWhen &amp#27;[0m&amp#27;[32mI enter valid signup details&amp#27;[0m                                                  &amp#27;[90m# com.bizlia.Stepdefinations.SignUpSteps.i_enter_valid_signup_details()&amp#27;[0m
  &amp#27;[32mAnd &amp#27;[0m&amp#27;[32mCheck the box for terms and conditions&amp#27;[0m                                         &amp#27;[90m# com.bizlia.Stepdefinations.SignUpSteps.check_the_box_for_terms_and_conditions()&amp#27;[0m
[java.net.SocketException: Connection reset, java.net.SocketException: Connection reset, java.net.ConnectException: Failed to connect to thedataextractors.com/[2606:4700:3036:0:0:0:6815:53f3]:443]
  &amp#27;[31mAnd &amp#27;[0m&amp#27;[31mValidate the captcha&amp#27;[0m                                                           &amp#27;[90m# com.bizlia.Stepdefinations.SignUpSteps.validate_the_captcha()&amp#27;[0m
      &amp#27;[31mjava.net.ConnectException: Failed to connect to thedataextractors.com/[2606:4700:3035:0:0:0:ac43:b799]:443
	at okhttp3.internal.connection.RealConnection.connectSocket(RealConnection.kt:297)
	at okhttp3.internal.connection.RealConnection.connect(RealConnection.kt:207)
	at okhttp3.internal.connection.ExchangeFinder.findConnection(ExchangeFinder.kt:226)
	at okhttp3.internal.connection.ExchangeFinder.findHealthyConnection(ExchangeFinder.kt:106)
	at okhttp3.internal.connection.ExchangeFinder.find(ExchangeFinder.kt:74)
	at okhttp3.internal.connection.RealCall.initExchange$okhttp(RealCall.kt:255)
	at okhttp3.internal.connection.ConnectInterceptor.intercept(ConnectInterceptor.kt:32)
	at okhttp3.internal.http.RealInterceptorChain.proceed(RealInterceptorChain.kt:109)
	at okhttp3.internal.cache.CacheInterceptor.intercept(CacheInterceptor.kt:95)
	at okhttp3.internal.http.RealInterceptorChain.proceed(RealInterceptorChain.kt:109)
	at okhttp3.internal.http.BridgeInterceptor.intercept(BridgeInterceptor.kt:83)
	at okhttp3.internal.http.RealInterceptorChain.proceed(RealInterceptorChain.kt:109)
	at okhttp3.internal.http.RetryAndFollowUpInterceptor.intercept(RetryAndFollowUpInterceptor.kt:76)
	at okhttp3.internal.http.RealInterceptorChain.proceed(RealInterceptorChain.kt:109)
	at okhttp3.internal.connection.RealCall.getResponseWithInterceptorChain$okhttp(RealCall.kt:201)
	at okhttp3.internal.connection.RealCall.execute(RealCall.kt:154)
	at com.bizilia.captcha.CaptchaSolver.solve(CaptchaSolver.java:30)
	at com.bizlia.pages.SignUpPage.captchaselection(SignUpPage.java:105)
	at com.bizlia.Stepdefinations.SignUpSteps.validate_the_captcha(SignUpSteps.java:40)
	at ✽.Validate the captcha(file:///E:/Bizlia/BizLia/src/test/resources/Features/signup.feature:11)
	Suppressed: java.net.SocketException: Connection reset
		at java.base/sun.nio.ch.NioSocketImpl.implRead(NioSocketImpl.java:318)
		at java.base/sun.nio.ch.NioSocketImpl.read(NioSocketImpl.java:346)
		at java.base/sun.nio.ch.NioSocketImpl$1.read(NioSocketImpl.java:796)
		at java.base/java.net.Socket$SocketInputStream.implRead(Socket.java:1108)
		at java.base/java.net.Socket$SocketInputStream.read(Socket.java:1095)
		at java.base/sun.security.ssl.SSLSocketInputRecord.read(SSLSocketInputRecord.java:489)
		at java.base/sun.security.ssl.SSLSocketInputRecord.readHeader(SSLSocketInputRecord.java:483)
		at java.base/sun.security.ssl.SSLSocketInputRecord.decode(SSLSocketInputRecord.java:160)
		at java.base/sun.security.ssl.SSLTransport.decode(SSLTransport.java:111)
		at java.base/sun.security.ssl.SSLSocketImpl.decode(SSLSocketImpl.java:1507)
		at java.base/sun.security.ssl.SSLSocketImpl.readHandshakeRecord(SSLSocketImpl.java:1422)
		at java.base/sun.security.ssl.SSLSocketImpl.startHandshake(SSLSocketImpl.java:455)
		at java.base/sun.security.ssl.SSLSocketImpl.startHandshake(SSLSocketImpl.java:426)
		at okhttp3.internal.connection.RealConnection.connectTls(RealConnection.kt:379)
		at okhttp3.internal.connection.RealConnection.establishProtocol(RealConnection.kt:337)
		at okhttp3.internal.connection.RealConnection.connect(RealConnection.kt:209)
		at okhttp3.internal.connection.ExchangeFinder.findConnection(ExchangeFinder.kt:226)
		at okhttp3.internal.connection.ExchangeFinder.findHealthyConnection(ExchangeFinder.kt:106)
		at okhttp3.internal.connection.ExchangeFinder.find(ExchangeFinder.kt:74)
		at okhttp3.internal.connection.RealCall.initExchange$okhttp(RealCall.kt:255)
		at okhttp3.internal.connection.ConnectInterceptor.intercept(ConnectInterceptor.kt:32)
		at okhttp3.internal.http.RealInterceptorChain.proceed(RealInterceptorChain.kt:109)
		at okhttp3.internal.cache.CacheInterceptor.intercept(CacheInterceptor.kt:95)
		at okhttp3.internal.http.RealInterceptorChain.proceed(RealInterceptorChain.kt:109)
		at okhttp3.internal.http.BridgeInterceptor.intercept(BridgeInterceptor.kt:83)
		at okhttp3.internal.http.RealInterceptorChain.proceed(RealInterceptorChain.kt:109)
		at okhttp3.internal.http.RetryAndFollowUpInterceptor.intercept(RetryAndFollowUpInterceptor.kt:76)
		at okhttp3.internal.http.RealInterceptorChain.proceed(RealInterceptorChain.kt:109)
		at okhttp3.internal.connection.RealCall.getResponseWithInterceptorChain$okhttp(RealCall.kt:201)
		at okhttp3.internal.connection.RealCall.execute(RealCall.kt:154)
		at com.bizilia.captcha.CaptchaSolver.solve(CaptchaSolver.java:30)
		at com.bizlia.pages.SignUpPage.captchaselection(SignUpPage.java:105)
		at com.bizlia.Stepdefinations.SignUpSteps.validate_the_captcha(SignUpSteps.java:40)
		at java.base/jdk.internal.reflect.DirectMethodHandleAccessor.invoke(DirectMethodHandleAccessor.java:103)
		at java.base/java.lang.reflect.Method.invoke(Method.java:580)
		at io.cucumber.java.Invoker.doInvoke(Invoker.java:66)
		at io.cucumber.java.Invoker.invoke(Invoker.java:24)
		at io.cucumber.java.AbstractGlueDefinition.invokeMethod(AbstractGlueDefinition.java:47)
		at io.cucumber.java.JavaStepDefinition.execute(JavaStepDefinition.java:29)
		at io.cucumber.core.runner.CoreStepDefinition.execute(CoreStepDefinition.java:66)
		at io.cucumber.core.runner.PickleStepDefinitionMatch.runStep(PickleStepDefinitionMatch.java:63)
		at io.cucumber.core.runner.ExecutionMode$1.execute(ExecutionMode.java:10)
		at io.cucumber.core.runner.TestStep.executeStep(TestStep.java:84)
		at io.cucumber.core.runner.TestStep.run(TestStep.java:56)
		at io.cucumber.core.runner.PickleStepTestStep.run(PickleStepTestStep.java:51)
		at io.cucumber.core.runner.TestCase.run(TestCase.java:84)
		at io.cucumber.core.runner.Runner.runPickle(Runner.java:75)
		at io.cucumber.junit.PickleRunners$NoStepDescriptions.lambda$run$0(PickleRunners.java:151)
		at io.cucumber.core.runtime.CucumberExecutionContext.lambda$runTestCase$5(CucumberExecutionContext.java:137)
		at io.cucumber.core.runtime.RethrowingThrowableCollector.executeAndThrow(RethrowingThrowableCollector.java:23)
		at io.cucumber.core.runtime.CucumberExecutionContext.runTestCase(CucumberExecutionContext.java:137)
		at io.cucumber.junit.PickleRunners$NoStepDescriptions.run(PickleRunners.java:148)
		at io.cucumber.junit.FeatureRunner.runChild(FeatureRunner.java:144)
		at io.cucumber.junit.FeatureRunner.runChild(FeatureRunner.java:28)
		at org.junit.runners.ParentRunner$4.run(ParentRunner.java:331)
		at org.junit.runners.ParentRunner$1.schedule(ParentRunner.java:79)
		at org.junit.runners.ParentRunner.runChildren(ParentRunner.java:329)
		at org.junit.runners.ParentRunner.access$100(ParentRunner.java:66)
		at org.junit.runners.ParentRunner$2.evaluate(ParentRunner.java:293)
		at org.junit.runners.ParentRunner$3.evaluate(ParentRunner.java:306)
		at org.junit.runners.ParentRunner.run(ParentRunner.java:413)
		at io.cucumber.junit.FeatureRunner.run(FeatureRunner.java:137)
		at io.cucumber.junit.Cucumber.runChild(Cucumber.java:196)
		at io.cucumber.junit.Cucumber.runChild(Cucumber.java:89)
		at org.junit.runners.ParentRunner$4.run(ParentRunner.java:331)
		at org.junit.runners.ParentRunner$1.schedule(ParentRunner.java:79)
		at org.junit.runners.ParentRunner.runChildren(ParentRunner.java:329)
		at org.junit.runners.ParentRunner.access$100(ParentRunner.java:66)
		at org.junit.runners.ParentRunner$2.evaluate(ParentRunner.java:293)
		at io.cucumber.core.runtime.CucumberExecutionContext.lambda$runFeatures$6(CucumberExecutionContext.java:148)
		at io.cucumber.core.runtime.CucumberExecutionContext.execute(CucumberExecutionContext.java:163)
		at io.cucumber.core.runtime.CucumberExecutionContext.runFeatures(CucumberExecutionContext.java:146)
		at io.cucumber.junit.Cucumber$StartAndFinishTestRun.evaluate(Cucumber.java:226)
		at org.junit.runners.ParentRunner$3.evaluate(ParentRunner.java:306)
		at org.junit.runners.ParentRunner.run(ParentRunner.java:413)
		at org.junit.runner.JUnitCore.run(JUnitCore.java:137)
		at org.junit.runner.JUnitCore.run(JUnitCore.java:115)
		at org.junit.vintage.engine.execution.RunnerExecutor.execute(RunnerExecutor.java:42)
		at org.junit.vintage.engine.VintageTestEngine.executeAllChildren(VintageTestEngine.java:80)
		at org.junit.vintage.engine.VintageTestEngine.execute(VintageTestEngine.java:72)
		at org.junit.platform.launcher.core.EngineExecutionOrchestrator.execute(EngineExecutionOrchestrator.java:198)
		at org.junit.platform.launcher.core.EngineExecutionOrchestrator.execute(EngineExecutionOrchestrator.java:169)
		at org.junit.platform.launcher.core.EngineExecutionOrchestrator.execute(EngineExecutionOrchestrator.java:93)
		at org.junit.platform.launcher.core.EngineExecutionOrchestrator.lambda$execute$0(EngineExecutionOrchestrator.java:58)
		at org.junit.platform.launcher.core.EngineExecutionOrchestrator.withInterceptedStreams(EngineExecutionOrchestrator.java:141)
		at org.junit.platform.launcher.core.EngineExecutionOrchestrator.execute(EngineExecutionOrchestrator.java:57)
		at org.junit.platform.launcher.core.DefaultLauncher.execute(DefaultLauncher.java:103)
		at org.junit.platform.launcher.core.DefaultLauncher.execute(DefaultLauncher.java:85)
		at org.junit.platform.launcher.core.DelegatingLauncher.execute(DelegatingLauncher.java:47)
		at org.apache.maven.surefire.junitplatform.LazyLauncher.execute(LazyLauncher.java:56)
		at org.apache.maven.surefire.junitplatform.JUnitPlatformProvider.execute(JUnitPlatformProvider.java:184)
		at org.apache.maven.surefire.junitplatform.JUnitPlatformProvider.invokeAllTests(JUnitPlatformProvider.java:148)
		at org.apache.maven.surefire.junitplatform.JUnitPlatformProvider.invoke(JUnitPlatformProvider.java:122)
		at org.apache.maven.surefire.booter.ForkedBooter.runSuitesInProcess(ForkedBooter.java:385)
		at org.apache.maven.surefire.booter.ForkedBooter.execute(ForkedBooter.java:162)
		at org.apache.maven.surefire.booter.ForkedBooter.run(ForkedBooter.java:507)
		at org.apache.maven.surefire.booter.ForkedBooter.main(ForkedBooter.java:495)
	Suppressed: java.net.SocketException: Connection reset
		at java.base/sun.nio.ch.NioSocketImpl.implRead(NioSocketImpl.java:318)
		at java.base/sun.nio.ch.NioSocketImpl.read(NioSocketImpl.java:346)
		at java.base/sun.nio.ch.NioSocketImpl$1.read(NioSocketImpl.java:796)
		at java.base/java.net.Socket$SocketInputStream.implRead(Socket.java:1108)
		at java.base/java.net.Socket$SocketInputStream.read(Socket.java:1095)
		at java.base/sun.security.ssl.SSLSocketInputRecord.read(SSLSocketInputRecord.java:489)
		at java.base/sun.security.ssl.SSLSocketInputRecord.readHeader(SSLSocketInputRecord.java:483)
		at java.base/sun.security.ssl.SSLSocketInputRecord.decode(SSLSocketInputRecord.java:160)
		at java.base/sun.security.ssl.SSLTransport.decode(SSLTransport.java:111)
		at java.base/sun.security.ssl.SSLSocketImpl.decode(SSLSocketImpl.java:1507)
		at java.base/sun.security.ssl.SSLSocketImpl.readHandshakeRecord(SSLSocketImpl.java:1422)
		at java.base/sun.security.ssl.SSLSocketImpl.startHandshake(SSLSocketImpl.java:455)
		at java.base/sun.security.ssl.SSLSocketImpl.startHandshake(SSLSocketImpl.java:426)
		at okhttp3.internal.connection.RealConnection.connectTls(RealConnection.kt:379)
		at okhttp3.internal.connection.RealConnection.establishProtocol(RealConnection.kt:337)
		at okhttp3.internal.connection.RealConnection.connect(RealConnection.kt:209)
		at okhttp3.internal.connection.ExchangeFinder.findConnection(ExchangeFinder.kt:226)
		at okhttp3.internal.connection.ExchangeFinder.findHealthyConnection(ExchangeFinder.kt:106)
		at okhttp3.internal.connection.ExchangeFinder.find(ExchangeFinder.kt:74)
		at okhttp3.internal.connection.RealCall.initExchange$okhttp(RealCall.kt:255)
		at okhttp3.internal.connection.ConnectInterceptor.intercept(ConnectInterceptor.kt:32)
		at okhttp3.internal.http.RealInterceptorChain.proceed(RealInterceptorChain.kt:109)
		at okhttp3.internal.cache.CacheInterceptor.intercept(CacheInterceptor.kt:95)
		at okhttp3.internal.http.RealInterceptorChain.proceed(RealInterceptorChain.kt:109)
		at okhttp3.internal.http.BridgeInterceptor.intercept(BridgeInterceptor.kt:83)
		at okhttp3.internal.http.RealInterceptorChain.proceed(RealInterceptorChain.kt:109)
		at okhttp3.internal.http.RetryAndFollowUpInterceptor.intercept(RetryAndFollowUpInterceptor.kt:76)
		at okhttp3.internal.http.RealInterceptorChain.proceed(RealInterceptorChain.kt:109)
		at okhttp3.internal.connection.RealCall.getResponseWithInterceptorChain$okhttp(RealCall.kt:201)
		at okhttp3.internal.connection.RealCall.execute(RealCall.kt:154)
		at com.bizilia.captcha.CaptchaSolver.solve(CaptchaSolver.java:30)
		at com.bizlia.pages.SignUpPage.captchaselection(SignUpPage.java:105)
		at com.bizlia.Stepdefinations.SignUpSteps.validate_the_captcha(SignUpSteps.java:40)
		at java.base/jdk.internal.reflect.DirectMethodHandleAccessor.invoke(DirectMethodHandleAccessor.java:103)
		at java.base/java.lang.reflect.Method.invoke(Method.java:580)
		at io.cucumber.java.Invoker.doInvoke(Invoker.java:66)
		at io.cucumber.java.Invoker.invoke(Invoker.java:24)
		at io.cucumber.java.AbstractGlueDefinition.invokeMethod(AbstractGlueDefinition.java:47)
		at io.cucumber.java.JavaStepDefinition.execute(JavaStepDefinition.java:29)
		at io.cucumber.core.runner.CoreStepDefinition.execute(CoreStepDefinition.java:66)
		at io.cucumber.core.runner.PickleStepDefinitionMatch.runStep(PickleStepDefinitionMatch.java:63)
		at io.cucumber.core.runner.ExecutionMode$1.execute(ExecutionMode.java:10)
		at io.cucumber.core.runner.TestStep.executeStep(TestStep.java:84)
		at io.cucumber.core.runner.TestStep.run(TestStep.java:56)
		at io.cucumber.core.runner.PickleStepTestStep.run(PickleStepTestStep.java:51)
		at io.cucumber.core.runner.TestCase.run(TestCase.java:84)
		at io.cucumber.core.runner.Runner.runPickle(Runner.java:75)
		at io.cucumber.junit.PickleRunners$NoStepDescriptions.lambda$run$0(PickleRunners.java:151)
		at io.cucumber.core.runtime.CucumberExecutionContext.lambda$runTestCase$5(CucumberExecutionContext.java:137)
		at io.cucumber.core.runtime.RethrowingThrowableCollector.executeAndThrow(RethrowingThrowableCollector.java:23)
		at io.cucumber.core.runtime.CucumberExecutionContext.runTestCase(CucumberExecutionContext.java:137)
		at io.cucumber.junit.PickleRunners$NoStepDescriptions.run(PickleRunners.java:148)
		at io.cucumber.junit.FeatureRunner.runChild(FeatureRunner.java:144)
		at io.cucumber.junit.FeatureRunner.runChild(FeatureRunner.java:28)
		at org.junit.runners.ParentRunner$4.run(ParentRunner.java:331)
		at org.junit.runners.ParentRunner$1.schedule(ParentRunner.java:79)
		at org.junit.runners.ParentRunner.runChildren(ParentRunner.java:329)
		at org.junit.runners.ParentRunner.access$100(ParentRunner.java:66)
		at org.junit.runners.ParentRunner$2.evaluate(ParentRunner.java:293)
		at org.junit.runners.ParentRunner$3.evaluate(ParentRunner.java:306)
		at org.junit.runners.ParentRunner.run(ParentRunner.java:413)
		at io.cucumber.junit.FeatureRunner.run(FeatureRunner.java:137)
		at io.cucumber.junit.Cucumber.runChild(Cucumber.java:196)
		at io.cucumber.junit.Cucumber.runChild(Cucumber.java:89)
		at org.junit.runners.ParentRunner$4.run(ParentRunner.java:331)
		at org.junit.runners.ParentRunner$1.schedule(ParentRunner.java:79)
		at org.junit.runners.ParentRunner.runChildren(ParentRunner.java:329)
		at org.junit.runners.ParentRunner.access$100(ParentRunner.java:66)
		at org.junit.runners.ParentRunner$2.evaluate(ParentRunner.java:293)
		at io.cucumber.core.runtime.CucumberExecutionContext.lambda$runFeatures$6(CucumberExecutionContext.java:148)
		at io.cucumber.core.runtime.CucumberExecutionContext.execute(CucumberExecutionContext.java:163)
		at io.cucumber.core.runtime.CucumberExecutionContext.runFeatures(CucumberExecutionContext.java:146)
		at io.cucumber.junit.Cucumber$StartAndFinishTestRun.evaluate(Cucumber.java:226)
		at org.junit.runners.ParentRunner$3.evaluate(ParentRunner.java:306)
		at org.junit.runners.ParentRunner.run(ParentRunner.java:413)
		at org.junit.runner.JUnitCore.run(JUnitCore.java:137)
		at org.junit.runner.JUnitCore.run(JUnitCore.java:115)
		at org.junit.vintage.engine.execution.RunnerExecutor.execute(RunnerExecutor.java:42)
		at org.junit.vintage.engine.VintageTestEngine.executeAllChildren(VintageTestEngine.java:80)
		at org.junit.vintage.engine.VintageTestEngine.execute(VintageTestEngine.java:72)
		at org.junit.platform.launcher.core.EngineExecutionOrchestrator.execute(EngineExecutionOrchestrator.java:198)
		at org.junit.platform.launcher.core.EngineExecutionOrchestrator.execute(EngineExecutionOrchestrator.java:169)
		at org.junit.platform.launcher.core.EngineExecutionOrchestrator.execute(EngineExecutionOrchestrator.java:93)
		at org.junit.platform.launcher.core.EngineExecutionOrchestrator.lambda$execute$0(EngineExecutionOrchestrator.java:58)
		at org.junit.platform.launcher.core.EngineExecutionOrchestrator.withInterceptedStreams(EngineExecutionOrchestrator.java:141)
		at org.junit.platform.launcher.core.EngineExecutionOrchestrator.execute(EngineExecutionOrchestrator.java:57)
		at org.junit.platform.launcher.core.DefaultLauncher.execute(DefaultLauncher.java:103)
		at org.junit.platform.launcher.core.DefaultLauncher.execute(DefaultLauncher.java:85)
		at org.junit.platform.launcher.core.DelegatingLauncher.execute(DelegatingLauncher.java:47)
		at org.apache.maven.surefire.junitplatform.LazyLauncher.execute(LazyLauncher.java:56)
		at org.apache.maven.surefire.junitplatform.JUnitPlatformProvider.execute(JUnitPlatformProvider.java:184)
		at org.apache.maven.surefire.junitplatform.JUnitPlatformProvider.invokeAllTests(JUnitPlatformProvider.java:148)
		at org.apache.maven.surefire.junitplatform.JUnitPlatformProvider.invoke(JUnitPlatformProvider.java:122)
		at org.apache.maven.surefire.booter.ForkedBooter.runSuitesInProcess(ForkedBooter.java:385)
		at org.apache.maven.surefire.booter.ForkedBooter.execute(ForkedBooter.java:162)
		at org.apache.maven.surefire.booter.ForkedBooter.run(ForkedBooter.java:507)
		at org.apache.maven.surefire.booter.ForkedBooter.main(ForkedBooter.java:495)
	Suppressed: java.net.ConnectException: Failed to connect to thedataextractors.com/[2606:4700:3036:0:0:0:6815:53f3]:443
		at okhttp3.internal.connection.RealConnection.connectSocket(RealConnection.kt:297)
		at okhttp3.internal.connection.RealConnection.connect(RealConnection.kt:207)
		at okhttp3.internal.connection.ExchangeFinder.findConnection(ExchangeFinder.kt:226)
		at okhttp3.internal.connection.ExchangeFinder.findHealthyConnection(ExchangeFinder.kt:106)
		at okhttp3.internal.connection.ExchangeFinder.find(ExchangeFinder.kt:74)
		at okhttp3.internal.connection.RealCall.initExchange$okhttp(RealCall.kt:255)
		at okhttp3.internal.connection.ConnectInterceptor.intercept(ConnectInterceptor.kt:32)
		at okhttp3.internal.http.RealInterceptorChain.proceed(RealInterceptorChain.kt:109)
		at okhttp3.internal.cache.CacheInterceptor.intercept(CacheInterceptor.kt:95)
		at okhttp3.internal.http.RealInterceptorChain.proceed(RealInterceptorChain.kt:109)
		at okhttp3.internal.http.BridgeInterceptor.intercept(BridgeInterceptor.kt:83)
		at okhttp3.internal.http.RealInterceptorChain.proceed(RealInterceptorChain.kt:109)
		at okhttp3.internal.http.RetryAndFollowUpInterceptor.intercept(RetryAndFollowUpInterceptor.kt:76)
		at okhttp3.internal.http.RealInterceptorChain.proceed(RealInterceptorChain.kt:109)
		at okhttp3.internal.connection.RealCall.getResponseWithInterceptorChain$okhttp(RealCall.kt:201)
		at okhttp3.internal.connection.RealCall.execute(RealCall.kt:154)
		at com.bizilia.captcha.CaptchaSolver.solve(CaptchaSolver.java:30)
		at com.bizlia.pages.SignUpPage.captchaselection(SignUpPage.java:105)
		at com.bizlia.Stepdefinations.SignUpSteps.validate_the_captcha(SignUpSteps.java:40)
		at java.base/jdk.internal.reflect.DirectMethodHandleAccessor.invoke(DirectMethodHandleAccessor.java:103)
		at java.base/java.lang.reflect.Method.invoke(Method.java:580)
		at io.cucumber.java.Invoker.doInvoke(Invoker.java:66)
		at io.cucumber.java.Invoker.invoke(Invoker.java:24)
		at io.cucumber.java.AbstractGlueDefinition.invokeMethod(AbstractGlueDefinition.java:47)
		at io.cucumber.java.JavaStepDefinition.execute(JavaStepDefinition.java:29)
		at io.cucumber.core.runner.CoreStepDefinition.execute(CoreStepDefinition.java:66)
		at io.cucumber.core.runner.PickleStepDefinitionMatch.runStep(PickleStepDefinitionMatch.java:63)
		at io.cucumber.core.runner.ExecutionMode$1.execute(ExecutionMode.java:10)
		at io.cucumber.core.runner.TestStep.executeStep(TestStep.java:84)
		at io.cucumber.core.runner.TestStep.run(TestStep.java:56)
		at io.cucumber.core.runner.PickleStepTestStep.run(PickleStepTestStep.java:51)
		at io.cucumber.core.runner.TestCase.run(TestCase.java:84)
		at io.cucumber.core.runner.Runner.runPickle(Runner.java:75)
		at io.cucumber.junit.PickleRunners$NoStepDescriptions.lambda$run$0(PickleRunners.java:151)
		at io.cucumber.core.runtime.CucumberExecutionContext.lambda$runTestCase$5(CucumberExecutionContext.java:137)
		at io.cucumber.core.runtime.RethrowingThrowableCollector.executeAndThrow(RethrowingThrowableCollector.java:23)
		at io.cucumber.core.runtime.CucumberExecutionContext.runTestCase(CucumberExecutionContext.java:137)
		at io.cucumber.junit.PickleRunners$NoStepDescriptions.run(PickleRunners.java:148)
		at io.cucumber.junit.FeatureRunner.runChild(FeatureRunner.java:144)
		at io.cucumber.junit.FeatureRunner.runChild(FeatureRunner.java:28)
		at org.junit.runners.ParentRunner$4.run(ParentRunner.java:331)
		at org.junit.runners.ParentRunner$1.schedule(ParentRunner.java:79)
		at org.junit.runners.ParentRunner.runChildren(ParentRunner.java:329)
		at org.junit.runners.ParentRunner.access$100(ParentRunner.java:66)
		at org.junit.runners.ParentRunner$2.evaluate(ParentRunner.java:293)
		at org.junit.runners.ParentRunner$3.evaluate(ParentRunner.java:306)
		at org.junit.runners.ParentRunner.run(ParentRunner.java:413)
		at io.cucumber.junit.FeatureRunner.run(FeatureRunner.java:137)
		at io.cucumber.junit.Cucumber.runChild(Cucumber.java:196)
		at io.cucumber.junit.Cucumber.runChild(Cucumber.java:89)
		at org.junit.runners.ParentRunner$4.run(ParentRunner.java:331)
		at org.junit.runners.ParentRunner$1.schedule(ParentRunner.java:79)
		at org.junit.runners.ParentRunner.runChildren(ParentRunner.java:329)
		at org.junit.runners.ParentRunner.access$100(ParentRunner.java:66)
		at org.junit.runners.ParentRunner$2.evaluate(ParentRunner.java:293)
		at io.cucumber.core.runtime.CucumberExecutionContext.lambda$runFeatures$6(CucumberExecutionContext.java:148)
		at io.cucumber.core.runtime.CucumberExecutionContext.execute(CucumberExecutionContext.java:163)
		at io.cucumber.core.runtime.CucumberExecutionContext.runFeatures(CucumberExecutionContext.java:146)
		at io.cucumber.junit.Cucumber$StartAndFinishTestRun.evaluate(Cucumber.java:226)
		at org.junit.runners.ParentRunner$3.evaluate(ParentRunner.java:306)
		at org.junit.runners.ParentRunner.run(ParentRunner.java:413)
		at org.junit.runner.JUnitCore.run(JUnitCore.java:137)
		at org.junit.runner.JUnitCore.run(JUnitCore.java:115)
		at org.junit.vintage.engine.execution.RunnerExecutor.execute(RunnerExecutor.java:42)
		at org.junit.vintage.engine.VintageTestEngine.executeAllChildren(VintageTestEngine.java:80)
		at org.junit.vintage.engine.VintageTestEngine.execute(VintageTestEngine.java:72)
		at org.junit.platform.launcher.core.EngineExecutionOrchestrator.execute(EngineExecutionOrchestrator.java:198)
		at org.junit.platform.launcher.core.EngineExecutionOrchestrator.execute(EngineExecutionOrchestrator.java:169)
		at org.junit.platform.launcher.core.EngineExecutionOrchestrator.execute(EngineExecutionOrchestrator.java:93)
		at org.junit.platform.launcher.core.EngineExecutionOrchestrator.lambda$execute$0(EngineExecutionOrchestrator.java:58)
		at org.junit.platform.launcher.core.EngineExecutionOrchestrator.withInterceptedStreams(EngineExecutionOrchestrator.java:141)
		at org.junit.platform.launcher.core.EngineExecutionOrchestrator.execute(EngineExecutionOrchestrator.java:57)
		at org.junit.platform.launcher.core.DefaultLauncher.execute(DefaultLauncher.java:103)
		at org.junit.platform.launcher.core.DefaultLauncher.execute(DefaultLauncher.java:85)
		at org.junit.platform.launcher.core.DelegatingLauncher.execute(DelegatingLauncher.java:47)
		at org.apache.maven.surefire.junitplatform.LazyLauncher.execute(LazyLauncher.java:56)
		at org.apache.maven.surefire.junitplatform.JUnitPlatformProvider.execute(JUnitPlatformProvider.java:184)
		at org.apache.maven.surefire.junitplatform.JUnitPlatformProvider.invokeAllTests(JUnitPlatformProvider.java:148)
		at org.apache.maven.surefire.junitplatform.JUnitPlatformProvider.invoke(JUnitPlatformProvider.java:122)
		at org.apache.maven.surefire.booter.ForkedBooter.runSuitesInProcess(ForkedBooter.java:385)
		at org.apache.maven.surefire.booter.ForkedBooter.execute(ForkedBooter.java:162)
		at org.apache.maven.surefire.booter.ForkedBooter.run(ForkedBooter.java:507)
		at org.apache.maven.surefire.booter.ForkedBooter.main(ForkedBooter.java:495)
	Caused by: java.net.ConnectException: Connection timed out: getsockopt
		at java.base/sun.nio.ch.Net.pollConnect(Native Method)
		at java.base/sun.nio.ch.Net.pollConnectNow(Net.java:682)
		at java.base/sun.nio.ch.NioSocketImpl.timedFinishConnect(NioSocketImpl.java:549)
		at java.base/sun.nio.ch.NioSocketImpl.connect(NioSocketImpl.java:592)
		at java.base/java.net.SocksSocketImpl.connect(SocksSocketImpl.java:327)
		at java.base/java.net.Socket.connect(Socket.java:752)
		at okhttp3.internal.platform.Platform.connectSocket(Platform.kt:128)
		at okhttp3.internal.connection.RealConnection.connectSocket(RealConnection.kt:295)
		... 82 more
Caused by: java.net.ConnectException: Connection timed out: getsockopt
	at java.base/sun.nio.ch.Net.pollConnect(Native Method)
	at java.base/sun.nio.ch.Net.pollConnectNow(Net.java:682)
	at java.base/sun.nio.ch.NioSocketImpl.timedFinishConnect(NioSocketImpl.java:549)
	at java.base/sun.nio.ch.NioSocketImpl.connect(NioSocketImpl.java:592)
	at java.base/java.net.SocksSocketImpl.connect(SocksSocketImpl.java:327)
	at java.base/java.net.Socket.connect(Socket.java:752)
	at okhttp3.internal.platform.Platform.connectSocket(Platform.kt:128)
	at okhttp3.internal.connection.RealConnection.connectSocket(RealConnection.kt:295)
	at okhttp3.internal.connection.RealConnection.connect(RealConnection.kt:207)
	at okhttp3.internal.connection.ExchangeFinder.findConnection(ExchangeFinder.kt:226)
	at okhttp3.internal.connection.ExchangeFinder.findHealthyConnection(ExchangeFinder.kt:106)
	at okhttp3.internal.connection.ExchangeFinder.find(ExchangeFinder.kt:74)
	at okhttp3.internal.connection.RealCall.initExchange$okhttp(RealCall.kt:255)
	at okhttp3.internal.connection.ConnectInterceptor.intercept(ConnectInterceptor.kt:32)
	at okhttp3.internal.http.RealInterceptorChain.proceed(RealInterceptorChain.kt:109)
	at okhttp3.internal.cache.CacheInterceptor.intercept(CacheInterceptor.kt:95)
	at okhttp3.internal.http.RealInterceptorChain.proceed(RealInterceptorChain.kt:109)
	at okhttp3.internal.http.BridgeInterceptor.intercept(BridgeInterceptor.kt:83)
	at okhttp3.internal.http.RealInterceptorChain.proceed(RealInterceptorChain.kt:109)
	at okhttp3.internal.http.RetryAndFollowUpInterceptor.intercept(RetryAndFollowUpInterceptor.kt:76)
	at okhttp3.internal.http.RealInterceptorChain.proceed(RealInterceptorChain.kt:109)
	at okhttp3.internal.connection.RealCall.getResponseWithInterceptorChain$okhttp(RealCall.kt:201)
	at okhttp3.internal.connection.RealCall.execute(RealCall.kt:154)
	at com.bizilia.captcha.CaptchaSolver.solve(CaptchaSolver.java:30)
	at com.bizlia.pages.SignUpPage.captchaselection(SignUpPage.java:105)
	at com.bizlia.Stepdefinations.SignUpSteps.validate_the_captcha(SignUpSteps.java:40)
	at java.base/jdk.internal.reflect.DirectMethodHandleAccessor.invoke(DirectMethodHandleAccessor.java:103)
	at java.base/java.lang.reflect.Method.invoke(Method.java:580)
	at io.cucumber.java.Invoker.doInvoke(Invoker.java:66)
	at io.cucumber.java.Invoker.invoke(Invoker.java:24)
	at io.cucumber.java.AbstractGlueDefinition.invokeMethod(AbstractGlueDefinition.java:47)
	at io.cucumber.java.JavaStepDefinition.execute(JavaStepDefinition.java:29)
	at io.cucumber.core.runner.CoreStepDefinition.execute(CoreStepDefinition.java:66)
	at io.cucumber.core.runner.PickleStepDefinitionMatch.runStep(PickleStepDefinitionMatch.java:63)
	at io.cucumber.core.runner.ExecutionMode$1.execute(ExecutionMode.java:10)
	at io.cucumber.core.runner.TestStep.executeStep(TestStep.java:84)
	at io.cucumber.core.runner.TestStep.run(TestStep.java:56)
	at io.cucumber.core.runner.PickleStepTestStep.run(PickleStepTestStep.java:51)
	at io.cucumber.core.runner.TestCase.run(TestCase.java:84)
	at io.cucumber.core.runner.Runner.runPickle(Runner.java:75)
	at io.cucumber.junit.PickleRunners$NoStepDescriptions.lambda$run$0(PickleRunners.java:151)
	at io.cucumber.core.runtime.CucumberExecutionContext.lambda$runTestCase$5(CucumberExecutionContext.java:137)
	at io.cucumber.core.runtime.RethrowingThrowableCollector.executeAndThrow(RethrowingThrowableCollector.java:23)
	at io.cucumber.core.runtime.CucumberExecutionContext.runTestCase(CucumberExecutionContext.java:137)
	at io.cucumber.junit.PickleRunners$NoStepDescriptions.run(PickleRunners.java:148)
	at io.cucumber.junit.FeatureRunner.runChild(FeatureRunner.java:144)
	at io.cucumber.junit.FeatureRunner.runChild(FeatureRunner.java:28)
	at org.junit.runners.ParentRunner$4.run(ParentRunner.java:331)
	at org.junit.runners.ParentRunner$1.schedule(ParentRunner.java:79)
	at org.junit.runners.ParentRunner.runChildren(ParentRunner.java:329)
	at org.junit.runners.ParentRunner.access$100(ParentRunner.java:66)
	at org.junit.runners.ParentRunner$2.evaluate(ParentRunner.java:293)
	at org.junit.runners.ParentRunner$3.evaluate(ParentRunner.java:306)
	at org.junit.runners.ParentRunner.run(ParentRunner.java:413)
	at io.cucumber.junit.FeatureRunner.run(FeatureRunner.java:137)
	at io.cucumber.junit.Cucumber.runChild(Cucumber.java:196)
	at io.cucumber.junit.Cucumber.runChild(Cucumber.java:89)
	at org.junit.runners.ParentRunner$4.run(ParentRunner.java:331)
	at org.junit.runners.ParentRunner$1.schedule(ParentRunner.java:79)
	at org.junit.runners.ParentRunner.runChildren(ParentRunner.java:329)
	at org.junit.runners.ParentRunner.access$100(ParentRunner.java:66)
	at org.junit.runners.ParentRunner$2.evaluate(ParentRunner.java:293)
	at io.cucumber.core.runtime.CucumberExecutionContext.lambda$runFeatures$6(CucumberExecutionContext.java:148)
	at io.cucumber.core.runtime.CucumberExecutionContext.execute(CucumberExecutionContext.java:163)
	at io.cucumber.core.runtime.CucumberExecutionContext.runFeatures(CucumberExecutionContext.java:146)
	at io.cucumber.junit.Cucumber$StartAndFinishTestRun.evaluate(Cucumber.java:226)
	at org.junit.runners.ParentRunner$3.evaluate(ParentRunner.java:306)
	at org.junit.runners.ParentRunner.run(ParentRunner.java:413)
	at org.junit.runner.JUnitCore.run(JUnitCore.java:137)
	at org.junit.runner.JUnitCore.run(JUnitCore.java:115)
	at org.junit.vintage.engine.execution.RunnerExecutor.execute(RunnerExecutor.java:42)
	at org.junit.vintage.engine.VintageTestEngine.executeAllChildren(VintageTestEngine.java:80)
	at org.junit.vintage.engine.VintageTestEngine.execute(VintageTestEngine.java:72)
	at org.junit.platform.launcher.core.EngineExecutionOrchestrator.execute(EngineExecutionOrchestrator.java:198)
	at org.junit.platform.launcher.core.EngineExecutionOrchestrator.execute(EngineExecutionOrchestrator.java:169)
	at org.junit.platform.launcher.core.EngineExecutionOrchestrator.execute(EngineExecutionOrchestrator.java:93)
	at org.junit.platform.launcher.core.EngineExecutionOrchestrator.lambda$execute$0(EngineExecutionOrchestrator.java:58)
	at org.junit.platform.launcher.core.EngineExecutionOrchestrator.withInterceptedStreams(EngineExecutionOrchestrator.java:141)
	at org.junit.platform.launcher.core.EngineExecutionOrchestrator.execute(EngineExecutionOrchestrator.java:57)
	at org.junit.platform.launcher.core.DefaultLauncher.execute(DefaultLauncher.java:103)
	at org.junit.platform.launcher.core.DefaultLauncher.execute(DefaultLauncher.java:85)
	at org.junit.platform.launcher.core.DelegatingLauncher.execute(DelegatingLauncher.java:47)
	at org.apache.maven.surefire.junitplatform.LazyLauncher.execute(LazyLauncher.java:56)
	at org.apache.maven.surefire.junitplatform.JUnitPlatformProvider.execute(JUnitPlatformProvider.java:184)
	at org.apache.maven.surefire.junitplatform.JUnitPlatformProvider.invokeAllTests(JUnitPlatformProvider.java:148)
	at org.apache.maven.surefire.junitplatform.JUnitPlatformProvider.invoke(JUnitPlatformProvider.java:122)
	at org.apache.maven.surefire.booter.ForkedBooter.runSuitesInProcess(ForkedBooter.java:385)
	at org.apache.maven.surefire.booter.ForkedBooter.execute(ForkedBooter.java:162)
	at org.apache.maven.surefire.booter.ForkedBooter.run(ForkedBooter.java:507)
	at org.apache.maven.surefire.booter.ForkedBooter.main(ForkedBooter.java:495)
&amp#27;[0m
  &amp#27;[36mAnd &amp#27;[0m&amp#27;[36mI click the signup button&amp#27;[0m                                                      &amp#27;[90m# com.bizlia.Stepdefinations.SignUpSteps.i_click_the_signup_button()&amp#27;[0m
  &amp#27;[36mThen &amp#27;[0m&amp#27;[36mI should be redirected to two way authentication page&amp#27;[0m                         &amp#27;[90m# com.bizlia.Stepdefinations.SignUpSteps.i_should_be_redirected_to_two_way_authentication_page()&amp#27;[0m
  &amp#27;[36mThen &amp#27;[0m&amp#27;[36muser should be land to enter company name&amp#27;[0m                                     &amp#27;[90m# com.bizlia.Stepdefinations.SignUpSteps.user_should_be_land_to_enter_company_name()&amp#27;[0m
]]></system-out>
    <system-err><![CDATA[Apr 23, 2024 11:03:55 PM org.openqa.selenium.devtools.CdpVersionFinder findNearestMatch
WARNING: Unable to find an exact match for CDP version 124, returning the closest version; found: 122; Please update to a Selenium version that supports CDP version 124
]]></system-err>
  </testcase>
</testsuite>